[ 2017-08-12T18:09:08+08:00 ][ info ] [ LANG ] /home/lqc/tp5/thinkphp/lang/zh-cn.php
[ info ] [ LOG ] INIT File
[ 2017-08-12T18:09:08+08:00 ][ info ] [ ROUTE ] array (
  'type' => 'module',
  'module' => 
  array (
    0 => 'index',
    1 => 'Websocket_server',
    2 => NULL,
  ),
)
[ 2017-08-12T18:09:08+08:00 ][ info ] [ HEADER ] array (
)
[ 2017-08-12T18:09:08+08:00 ][ info ] [ PARAM ] array (
)
[ 2017-08-12T18:09:08+08:00 ][ error ] [4]syntax error, unexpected '=>' (T_DOUBLE_ARROW)[/home/lqc/tp5/thinkphp/library/think/controller/WebsocketHprose.php:12]
[ 2017-08-12T18:12:22+08:00 ][ info ] [ LANG ] /home/lqc/tp5/thinkphp/lang/zh-cn.php
[ info ] [ LOG ] INIT File
[ 2017-08-12T18:12:22+08:00 ][ info ] [ ROUTE ] array (
  'type' => 'module',
  'module' => 
  array (
    0 => 'index',
    1 => 'Websocket_server',
    2 => NULL,
  ),
)
[ 2017-08-12T18:12:22+08:00 ][ info ] [ HEADER ] array (
)
[ 2017-08-12T18:12:22+08:00 ][ info ] [ PARAM ] array (
)
[ 2017-08-12T18:12:22+08:00 ][ error ] [4]syntax error, unexpected '=>' (T_DOUBLE_ARROW)[/home/lqc/tp5/thinkphp/library/think/controller/WebsocketHprose.php:12]
[ 2017-08-12T18:12:57+08:00 ][ info ] [ LANG ] /home/lqc/tp5/thinkphp/lang/zh-cn.php
[ info ] [ LOG ] INIT File
[ 2017-08-12T18:12:57+08:00 ][ info ] [ ROUTE ] array (
  'type' => 'module',
  'module' => 
  array (
    0 => 'index',
    1 => 'Websocket_server',
    2 => NULL,
  ),
)
[ 2017-08-12T18:12:57+08:00 ][ info ] [ HEADER ] array (
)
[ 2017-08-12T18:12:57+08:00 ][ info ] [ PARAM ] array (
)
[ 2017-08-12T18:12:57+08:00 ][ error ] [2]stream_socket_server() has been disabled for security reasons[/home/lqc/tp5/vendor/hprose/hprose/src/Hprose/Socket/Server.php:62]
[ 2017-08-12T18:12:57+08:00 ][ error ] [2]socket_import_stream() expects parameter 1 to be resource, null given[/home/lqc/tp5/vendor/hprose/hprose/src/Hprose/Socket/Server.php:65]
[ 2017-08-12T18:13:11+08:00 ][ info ] [ LANG ] /home/lqc/tp5/thinkphp/lang/zh-cn.php
[ info ] [ LOG ] INIT File
[ 2017-08-12T18:13:11+08:00 ][ info ] [ ROUTE ] array (
  'type' => 'module',
  'module' => 
  array (
    0 => 'index',
    1 => 'Websocket_server',
    2 => NULL,
  ),
)
[ 2017-08-12T18:13:11+08:00 ][ info ] [ HEADER ] array (
)
[ 2017-08-12T18:13:11+08:00 ][ info ] [ PARAM ] array (
)
[ 2017-08-12T18:13:11+08:00 ][ error ] [2]stream_socket_server() has been disabled for security reasons[/home/lqc/tp5/vendor/hprose/hprose/src/Hprose/Socket/Server.php:62]
[ 2017-08-12T18:13:11+08:00 ][ error ] [2]socket_import_stream() expects parameter 1 to be resource, null given[/home/lqc/tp5/vendor/hprose/hprose/src/Hprose/Socket/Server.php:65]
[ 2017-08-12T18:15:25+08:00 ][ info ] [ LANG ] /home/lqc/tp5/thinkphp/lang/zh-cn.php
[ info ] [ LOG ] INIT File
[ 2017-08-12T18:15:25+08:00 ][ info ] [ ROUTE ] array (
  'type' => 'module',
  'module' => 
  array (
    0 => 'index',
    1 => 'Websocket_server',
    2 => NULL,
  ),
)
[ 2017-08-12T18:15:25+08:00 ][ info ] [ HEADER ] array (
)
[ 2017-08-12T18:15:25+08:00 ][ info ] [ PARAM ] array (
)
[ 2017-08-12T18:20:44+08:00 ][ info ] [ LANG ] /home/lqc/tp5/thinkphp/lang/zh-cn.php
[ info ] [ LOG ] INIT File
[ 2017-08-12T18:20:44+08:00 ][ info ] [ ROUTE ] array (
  'type' => 'module',
  'module' => 
  array (
    0 => 'index',
    1 => 'Websocket_server',
    2 => NULL,
  ),
)
[ 2017-08-12T18:20:44+08:00 ][ info ] [ HEADER ] array (
)
[ 2017-08-12T18:20:44+08:00 ][ info ] [ PARAM ] array (
)
[ 2017-08-12T18:20:44+08:00 ][ error ] [2]stream_socket_server() has been disabled for security reasons[/home/lqc/tp5/vendor/hprose/hprose/src/Hprose/Socket/Server.php:62]
[ 2017-08-12T18:20:44+08:00 ][ error ] [2]socket_import_stream() expects parameter 1 to be resource, null given[/home/lqc/tp5/vendor/hprose/hprose/src/Hprose/Socket/Server.php:65]
[ 2017-08-12T18:22:23+08:00 ][ info ] [ LANG ] /home/lqc/tp5/thinkphp/lang/zh-cn.php
[ info ] [ LOG ] INIT File
[ 2017-08-12T18:22:23+08:00 ][ info ] [ ROUTE ] array (
  'type' => 'module',
  'module' => 
  array (
    0 => 'index',
    1 => 'Websocket_server',
    2 => NULL,
  ),
)
[ 2017-08-12T18:22:23+08:00 ][ info ] [ HEADER ] array (
)
[ 2017-08-12T18:22:23+08:00 ][ info ] [ PARAM ] array (
)
[ 2017-08-12T18:22:23+08:00 ][ error ] [2]stream_socket_server() has been disabled for security reasons[/home/lqc/tp5/vendor/hprose/hprose/src/Hprose/Socket/Server.php:62]
[ 2017-08-12T18:22:23+08:00 ][ error ] [2]socket_import_stream() expects parameter 1 to be resource, null given[/home/lqc/tp5/vendor/hprose/hprose/src/Hprose/Socket/Server.php:65]
[ 2017-08-12T18:35:04+08:00 ][ info ] [ LANG ] /home/lqc/tp5/thinkphp/lang/zh-cn.php
[ info ] [ LOG ] INIT File
[ 2017-08-12T18:35:04+08:00 ][ info ] [ ROUTE ] array (
  'type' => 'module',
  'module' => 
  array (
    0 => 'index',
    1 => 'Websocket_server',
    2 => NULL,
  ),
)
[ 2017-08-12T18:35:04+08:00 ][ info ] [ HEADER ] array (
)
[ 2017-08-12T18:35:04+08:00 ][ info ] [ PARAM ] array (
)
[ 2017-08-12T18:36:04+08:00 ][ info ] [ LANG ] /home/lqc/tp5/thinkphp/lang/zh-cn.php
[ info ] [ LOG ] INIT File
[ 2017-08-12T18:36:04+08:00 ][ info ] [ ROUTE ] array (
  'type' => 'module',
  'module' => 
  array (
    0 => 'index',
    1 => 'Websocket_server',
    2 => NULL,
  ),
)
[ 2017-08-12T18:36:04+08:00 ][ info ] [ HEADER ] array (
)
[ 2017-08-12T18:36:04+08:00 ][ info ] [ PARAM ] array (
)
[ 2017-08-12T18:37:17+08:00 ][ info ] [ LANG ] /home/lqc/tp5/thinkphp/lang/zh-cn.php
[ info ] [ LOG ] INIT File
[ 2017-08-12T18:37:17+08:00 ][ info ] [ ROUTE ] array (
  'type' => 'module',
  'module' => 
  array (
    0 => 'index',
    1 => 'Websocket_server',
    2 => NULL,
  ),
)
[ 2017-08-12T18:37:17+08:00 ][ info ] [ HEADER ] array (
)
[ 2017-08-12T18:37:17+08:00 ][ info ] [ PARAM ] array (
)
[ 2017-08-12T18:37:17+08:00 ][ error ] [2]stream_socket_server() has been disabled for security reasons[/home/lqc/tp5/vendor/hprose/hprose/src/Hprose/Socket/Server.php:62]
[ 2017-08-12T18:37:20+08:00 ][ info ] [ LANG ] /home/lqc/tp5/thinkphp/lang/zh-cn.php
[ info ] [ LOG ] INIT File
[ 2017-08-12T18:37:20+08:00 ][ info ] [ ROUTE ] array (
  'type' => 'module',
  'module' => 
  array (
    0 => 'index',
    1 => 'Websocket_server',
    2 => NULL,
  ),
)
[ 2017-08-12T18:37:20+08:00 ][ info ] [ HEADER ] array (
)
[ 2017-08-12T18:37:20+08:00 ][ info ] [ PARAM ] array (
)
[ 2017-08-12T18:37:20+08:00 ][ error ] [2]stream_socket_server() has been disabled for security reasons[/home/lqc/tp5/vendor/hprose/hprose/src/Hprose/Socket/Server.php:62]
[ 2017-08-12T18:37:21+08:00 ][ info ] [ LANG ] /home/lqc/tp5/thinkphp/lang/zh-cn.php
[ info ] [ LOG ] INIT File
[ 2017-08-12T18:37:21+08:00 ][ info ] [ ROUTE ] array (
  'type' => 'module',
  'module' => 
  array (
    0 => 'index',
    1 => 'Websocket_server',
    2 => NULL,
  ),
)
[ 2017-08-12T18:37:21+08:00 ][ info ] [ HEADER ] array (
)
[ 2017-08-12T18:37:21+08:00 ][ info ] [ PARAM ] array (
)
[ 2017-08-12T18:37:21+08:00 ][ error ] [2]stream_socket_server() has been disabled for security reasons[/home/lqc/tp5/vendor/hprose/hprose/src/Hprose/Socket/Server.php:62]
