[ 2017-08-15T13:12:49+08:00 ][ info ] [ LANG ] /home/lqc/tp5/thinkphp/lang/zh-cn.php
[ info ] [ LOG ] INIT File
[ 2017-08-15T13:12:49+08:00 ][ info ] [ ROUTE ] array (
  'type' => 'module',
  'module' => 
  array (
    0 => 'index',
    1 => 'websocket_server',
    2 => NULL,
  ),
)
[ 2017-08-15T13:12:49+08:00 ][ info ] [ HEADER ] array (
)
[ 2017-08-15T13:12:49+08:00 ][ info ] [ PARAM ] array (
)
[ 2017-08-15T13:30:04+08:00 ][ info ] [ LANG ] /home/lqc/tp5/thinkphp/lang/zh-cn.php
[ info ] [ LOG ] INIT File
[ 2017-08-15T13:30:04+08:00 ][ info ] [ ROUTE ] array (
  'type' => 'module',
  'module' => 
  array (
    0 => 'index',
    1 => 'websocket_server',
    2 => NULL,
  ),
)
[ 2017-08-15T13:30:04+08:00 ][ info ] [ HEADER ] array (
)
[ 2017-08-15T13:30:04+08:00 ][ info ] [ PARAM ] array (
)
[ 2017-08-15T13:34:51+08:00 ][ info ] [ LANG ] /home/lqc/tp5/thinkphp/lang/zh-cn.php
[ info ] [ LOG ] INIT File
[ 2017-08-15T13:34:51+08:00 ][ info ] [ ROUTE ] array (
  'type' => 'module',
  'module' => 
  array (
    0 => 'index',
    1 => 'websocket_server',
    2 => NULL,
  ),
)
[ 2017-08-15T13:34:51+08:00 ][ info ] [ HEADER ] array (
)
[ 2017-08-15T13:34:51+08:00 ][ info ] [ PARAM ] array (
)
[ 2017-08-15T13:40:31+08:00 ][ info ] [ LANG ] /home/lqc/tp5/thinkphp/lang/zh-cn.php
[ info ] [ LOG ] INIT File
[ 2017-08-15T13:40:31+08:00 ][ info ] [ ROUTE ] array (
  'type' => 'module',
  'module' => 
  array (
    0 => 'index',
    1 => 'websocket_server',
    2 => NULL,
  ),
)
[ 2017-08-15T13:40:31+08:00 ][ info ] [ HEADER ] array (
)
[ 2017-08-15T13:40:31+08:00 ][ info ] [ PARAM ] array (
)
[ 2017-08-15T13:40:31+08:00 ][ error ] [2]stream_socket_server(): php_network_getaddresses: getaddrinfo failed: Name or service not known[/home/lqc/tp5/vendor/hprose/hprose/src/Hprose/Socket/Server.php:62]
[ 2017-08-15T13:40:31+08:00 ][ error ] [2]stream_socket_server(): unable to connect to tcp://www.yes.com/index/websocket_server:9502 (php_network_getaddresses: getaddrinfo failed: Name or service not known)[/home/lqc/tp5/vendor/hprose/hprose/src/Hprose/Socket/Server.php:62]
[ 2017-08-15T13:40:31+08:00 ][ error ] [2]socket_import_stream() expects parameter 1 to be resource, boolean given[/home/lqc/tp5/vendor/hprose/hprose/src/Hprose/Socket/Server.php:65]
[ 2017-08-15T15:21:49+08:00 ][ info ] [ LANG ] /home/lqc/tp5/thinkphp/lang/zh-cn.php
[ info ] [ LOG ] INIT File
[ 2017-08-15T15:21:49+08:00 ][ info ] [ ROUTE ] array (
  'type' => 'module',
  'module' => 
  array (
    0 => 'index',
    1 => 'websocket_server',
    2 => NULL,
  ),
)
[ 2017-08-15T15:21:49+08:00 ][ info ] [ HEADER ] array (
)
[ 2017-08-15T15:21:49+08:00 ][ info ] [ PARAM ] array (
)
[ 2017-08-15T15:23:13+08:00 ][ info ] [ LANG ] /home/lqc/tp5/thinkphp/lang/zh-cn.php
[ info ] [ LOG ] INIT File
[ 2017-08-15T15:23:13+08:00 ][ info ] [ ROUTE ] array (
  'type' => 'module',
  'module' => 
  array (
    0 => 'index',
    1 => 'websocket_server',
    2 => NULL,
  ),
)
[ 2017-08-15T15:23:13+08:00 ][ info ] [ HEADER ] array (
)
[ 2017-08-15T15:23:13+08:00 ][ info ] [ PARAM ] array (
)
[ 2017-08-15T15:25:07+08:00 ][ info ] [ LANG ] /home/lqc/tp5/thinkphp/lang/zh-cn.php
[ info ] [ LOG ] INIT File
[ 2017-08-15T15:25:07+08:00 ][ info ] [ ROUTE ] array (
  'type' => 'module',
  'module' => 
  array (
    0 => 'index',
    1 => 'websocket_server',
    2 => NULL,
  ),
)
[ 2017-08-15T15:25:07+08:00 ][ info ] [ HEADER ] array (
)
[ 2017-08-15T15:25:07+08:00 ][ info ] [ PARAM ] array (
)
[ 2017-08-15T15:31:16+08:00 ][ info ] [ LANG ] /home/lqc/tp5/thinkphp/lang/zh-cn.php
[ info ] [ LOG ] INIT File
[ 2017-08-15T15:31:16+08:00 ][ info ] [ ROUTE ] array (
  'type' => 'module',
  'module' => 
  array (
    0 => 'index',
    1 => 'websocket_server',
    2 => NULL,
  ),
)
[ 2017-08-15T15:31:16+08:00 ][ info ] [ HEADER ] array (
)
[ 2017-08-15T15:31:16+08:00 ][ info ] [ PARAM ] array (
)
[ 2017-08-15T15:44:30+08:00 ][ info ] [ LANG ] /home/lqc/tp5/thinkphp/lang/zh-cn.php
[ info ] [ LOG ] INIT File
[ 2017-08-15T15:44:30+08:00 ][ info ] [ ROUTE ] array (
  'type' => 'module',
  'module' => 
  array (
    0 => 'index',
    1 => 'websocket_server',
    2 => NULL,
  ),
)
[ 2017-08-15T15:44:30+08:00 ][ info ] [ HEADER ] array (
)
[ 2017-08-15T15:44:30+08:00 ][ info ] [ PARAM ] array (
)
[ 2017-08-15T16:40:48+08:00 ][ info ] [ LANG ] /home/lqc/tp5/thinkphp/lang/zh-cn.php
[ info ] [ LOG ] INIT File
[ 2017-08-15T16:40:48+08:00 ][ info ] [ ROUTE ] array (
  'type' => 'module',
  'module' => 
  array (
    0 => 'index',
    1 => 'webscoket_server',
    2 => NULL,
  ),
)
[ 2017-08-15T16:40:48+08:00 ][ info ] [ HEADER ] array (
)
[ 2017-08-15T16:40:48+08:00 ][ info ] [ PARAM ] array (
)
[ 2017-08-15T16:41:37+08:00 ][ info ] [ LANG ] /home/lqc/tp5/thinkphp/lang/zh-cn.php
[ info ] [ LOG ] INIT File
[ 2017-08-15T16:41:37+08:00 ][ info ] [ ROUTE ] array (
  'type' => 'module',
  'module' => 
  array (
    0 => 'index',
    1 => 'websocket_server',
    2 => NULL,
  ),
)
[ 2017-08-15T16:41:37+08:00 ][ info ] [ HEADER ] array (
)
[ 2017-08-15T16:41:37+08:00 ][ info ] [ PARAM ] array (
)
[ 2017-08-15T16:50:57+08:00 ][ info ] [ LANG ] /home/lqc/tp5/thinkphp/lang/zh-cn.php
[ info ] [ LOG ] INIT File
[ 2017-08-15T16:50:57+08:00 ][ info ] [ ROUTE ] array (
  'type' => 'module',
  'module' => 
  array (
    0 => 'index',
    1 => 'webscoket_server',
    2 => NULL,
  ),
)
[ 2017-08-15T16:50:57+08:00 ][ info ] [ HEADER ] array (
)
[ 2017-08-15T16:50:57+08:00 ][ info ] [ PARAM ] array (
)
[ 2017-08-15T16:51:07+08:00 ][ info ] [ LANG ] /home/lqc/tp5/thinkphp/lang/zh-cn.php
[ info ] [ LOG ] INIT File
[ 2017-08-15T16:51:07+08:00 ][ info ] [ ROUTE ] array (
  'type' => 'module',
  'module' => 
  array (
    0 => 'index',
    1 => 'websocket_server',
    2 => NULL,
  ),
)
[ 2017-08-15T16:51:07+08:00 ][ info ] [ HEADER ] array (
)
[ 2017-08-15T16:51:07+08:00 ][ info ] [ PARAM ] array (
)
