[ 2016-12-08T13:44:44+08:00 ] 192.168.0.159 192.168.0.103 GET /
[ log ] www.yes.com/ [运行时间：0.365594s][吞吐率：2.74req/s] [内存消耗：1,091.26kb] [文件加载：46]
[ info ] [ LANG ] /home/lqc/tp5/thinkphp/lang/zh-cn.php
[ info ] [ ROUTE ] array (
  'type' => 'module',
  'module' => 
  array (
    0 => '',
    1 => NULL,
    2 => NULL,
  ),
)
[ info ] [ HEADER ] array (
  'host' => 'www.yes.com',
  'connection' => 'keep-alive',
  'upgrade-insecure-requests' => '1',
  'user-agent' => 'Mozilla/5.0 (Windows NT 6.1; WOW64) AppleWebKit/537.36 (KHTML, like Gecko) Chrome/52.0.2743.116 Safari/537.36',
  'accept' => 'text/html,application/xhtml+xml,application/xml;q=0.9,image/webp,*/*;q=0.8',
  'accept-encoding' => 'gzip, deflate, sdch',
  'accept-language' => 'zh-CN,zh;q=0.8',
  'cookie' => 'pgv_pvi=675840',
  'content-type' => '',
  'content-length' => '',
)
[ info ] [ PARAM ] array (
)
[ info ] [ RUN ] app\index\controller\IndexController->index[ /home/lqc/tp5/application/index/controller/IndexController.php ]
[ info ] [ LOG ] INIT File

---------------------------------------------------------------
[ 2016-12-08T13:44:44+08:00 ] 192.168.0.159 192.168.0.103 GET /
[ log ] www.yes.com/ [运行时间：0.044125s][吞吐率：22.66req/s] [内存消耗：1,091.09kb] [文件加载：46]
[ info ] [ LANG ] /home/lqc/tp5/thinkphp/lang/zh-cn.php
[ info ] [ ROUTE ] array (
  'type' => 'module',
  'module' => 
  array (
    0 => '',
    1 => NULL,
    2 => NULL,
  ),
)
[ info ] [ HEADER ] array (
  'host' => 'www.yes.com',
  'connection' => 'keep-alive',
  'accept' => 'text/plain',
  'user-agent' => 'Mozilla/5.0 (Windows NT 6.1; WOW64) AppleWebKit/537.36 (KHTML, like Gecko) Chrome/52.0.2743.116 Safari/537.36',
  'accept-encoding' => 'gzip, deflate, sdch',
  'accept-language' => 'zh-CN,zh;q=0.8',
  'cookie' => 'pgv_pvi=675840; thinkphp_show_page_trace=0|0',
  'content-type' => '',
  'content-length' => '',
)
[ info ] [ PARAM ] array (
)
[ info ] [ RUN ] app\index\controller\IndexController->index[ /home/lqc/tp5/application/index/controller/IndexController.php ]
[ info ] [ LOG ] INIT File

---------------------------------------------------------------
[ 2016-12-08T13:44:58+08:00 ] 192.168.0.159 192.168.0.103 GET /index/uploade
[ log ] www.yes.com/index/uploade [运行时间：0.032218s][吞吐率：31.04req/s] [内存消耗：1,001.85kb] [文件加载：40]
[ info ] [ LANG ] /home/lqc/tp5/thinkphp/lang/zh-cn.php
[ info ] [ ROUTE ] array (
  'type' => 'module',
  'module' => 
  array (
    0 => 'index',
    1 => 'uploade',
    2 => NULL,
  ),
)
[ info ] [ HEADER ] array (
  'host' => 'www.yes.com',
  'connection' => 'keep-alive',
  'upgrade-insecure-requests' => '1',
  'user-agent' => 'Mozilla/5.0 (Windows NT 6.1; WOW64) AppleWebKit/537.36 (KHTML, like Gecko) Chrome/52.0.2743.116 Safari/537.36',
  'accept' => 'text/html,application/xhtml+xml,application/xml;q=0.9,image/webp,*/*;q=0.8',
  'accept-encoding' => 'gzip, deflate, sdch',
  'accept-language' => 'zh-CN,zh;q=0.8',
  'cookie' => 'pgv_pvi=675840; thinkphp_show_page_trace=0|0',
  'content-type' => '',
  'content-length' => '',
)
[ info ] [ PARAM ] array (
)
[ info ] [ RUN ] app\index\controller\UploadeController->index[ /home/lqc/tp5/application/index/controller/UploadeController.php ]
[ info ] [ LOG ] INIT File

---------------------------------------------------------------
[ 2016-12-08T13:44:58+08:00 ] 192.168.0.159 192.168.0.103 GET /index/uploade
[ log ] www.yes.com/index/uploade [运行时间：0.015268s][吞吐率：65.50req/s] [内存消耗：1,001.67kb] [文件加载：40]
[ info ] [ LANG ] /home/lqc/tp5/thinkphp/lang/zh-cn.php
[ info ] [ ROUTE ] array (
  'type' => 'module',
  'module' => 
  array (
    0 => 'index',
    1 => 'uploade',
    2 => NULL,
  ),
)
[ info ] [ HEADER ] array (
  'host' => 'www.yes.com',
  'connection' => 'keep-alive',
  'accept' => 'text/plain',
  'user-agent' => 'Mozilla/5.0 (Windows NT 6.1; WOW64) AppleWebKit/537.36 (KHTML, like Gecko) Chrome/52.0.2743.116 Safari/537.36',
  'accept-encoding' => 'gzip, deflate, sdch',
  'accept-language' => 'zh-CN,zh;q=0.8',
  'cookie' => 'pgv_pvi=675840; thinkphp_show_page_trace=0|0',
  'content-type' => '',
  'content-length' => '',
)
[ info ] [ PARAM ] array (
)
[ info ] [ RUN ] app\index\controller\UploadeController->index[ /home/lqc/tp5/application/index/controller/UploadeController.php ]
[ info ] [ LOG ] INIT File

---------------------------------------------------------------
[ 2016-12-08T15:45:14+08:00 ] 192.168.0.159 192.168.0.103 POST /index/uploade.html
[ log ] www.yes.com/index/uploade.html [运行时间：0.219251s][吞吐率：4.56req/s] [内存消耗：1,002.36kb] [文件加载：40]
[ info ] [ LANG ] /home/lqc/tp5/thinkphp/lang/zh-cn.php
[ info ] [ ROUTE ] array (
  'type' => 'module',
  'module' => 
  array (
    0 => 'index',
    1 => 'uploade',
    2 => NULL,
  ),
)
[ info ] [ HEADER ] array (
  'host' => 'www.yes.com',
  'connection' => 'keep-alive',
  'content-length' => '30',
  'accept' => '*/*',
  'origin' => 'http://c.jihui365.cn',
  'user-agent' => 'Mozilla/5.0 (Windows NT 6.1; WOW64) AppleWebKit/537.36 (KHTML, like Gecko) Chrome/52.0.2743.116 Safari/537.36',
  'content-type' => 'application/x-www-form-urlencoded; charset=UTF-8',
  'referer' => 'http://c.jihui365.cn/fitting/test.html',
  'accept-encoding' => 'gzip, deflate',
  'accept-language' => 'zh-CN,zh;q=0.8',
)
[ info ] [ PARAM ] array (
  'name' => '小花',
  'age' => '30',
)
[ info ] [ RUN ] app\index\controller\UploadeController->index[ /home/lqc/tp5/application/index/controller/UploadeController.php ]
[ info ] [ LOG ] INIT File

---------------------------------------------------------------
[ 2016-12-08T15:57:49+08:00 ] 192.168.0.159 192.168.0.103 GET /index/uploade
[ log ] www.yes.com/index/uploade [运行时间：0.062132s][吞吐率：16.09req/s] [内存消耗：1,002.03kb] [文件加载：40]
[ info ] [ LANG ] /home/lqc/tp5/thinkphp/lang/zh-cn.php
[ info ] [ ROUTE ] array (
  'type' => 'module',
  'module' => 
  array (
    0 => 'index',
    1 => 'uploade',
    2 => NULL,
  ),
)
[ info ] [ HEADER ] array (
  'host' => 'www.yes.com',
  'connection' => 'keep-alive',
  'cache-control' => 'max-age=0',
  'upgrade-insecure-requests' => '1',
  'user-agent' => 'Mozilla/5.0 (Windows NT 6.1; WOW64) AppleWebKit/537.36 (KHTML, like Gecko) Chrome/52.0.2743.116 Safari/537.36',
  'accept' => 'text/html,application/xhtml+xml,application/xml;q=0.9,image/webp,*/*;q=0.8',
  'accept-encoding' => 'gzip, deflate, sdch',
  'accept-language' => 'zh-CN,zh;q=0.8',
  'cookie' => 'pgv_pvi=675840; thinkphp_show_page_trace=0|0',
  'content-type' => '',
  'content-length' => '',
)
[ info ] [ PARAM ] array (
)
[ info ] [ RUN ] app\index\controller\UploadeController->index[ /home/lqc/tp5/application/index/controller/UploadeController.php ]
[ info ] [ LOG ] INIT File

---------------------------------------------------------------
[ 2016-12-08T15:57:49+08:00 ] 192.168.0.159 192.168.0.103 GET /index/uploade
[ log ] www.yes.com/index/uploade [运行时间：0.012348s][吞吐率：80.99req/s] [内存消耗：1,001.67kb] [文件加载：40]
[ info ] [ LANG ] /home/lqc/tp5/thinkphp/lang/zh-cn.php
[ info ] [ ROUTE ] array (
  'type' => 'module',
  'module' => 
  array (
    0 => 'index',
    1 => 'uploade',
    2 => NULL,
  ),
)
[ info ] [ HEADER ] array (
  'host' => 'www.yes.com',
  'connection' => 'keep-alive',
  'accept' => 'text/plain',
  'user-agent' => 'Mozilla/5.0 (Windows NT 6.1; WOW64) AppleWebKit/537.36 (KHTML, like Gecko) Chrome/52.0.2743.116 Safari/537.36',
  'accept-encoding' => 'gzip, deflate, sdch',
  'accept-language' => 'zh-CN,zh;q=0.8',
  'cookie' => 'pgv_pvi=675840; thinkphp_show_page_trace=0|0',
  'content-type' => '',
  'content-length' => '',
)
[ info ] [ PARAM ] array (
)
[ info ] [ RUN ] app\index\controller\UploadeController->index[ /home/lqc/tp5/application/index/controller/UploadeController.php ]
[ info ] [ LOG ] INIT File

---------------------------------------------------------------
[ 2016-12-08T15:57:55+08:00 ] 192.168.0.159 192.168.0.103 GET /index/uploade
[ log ] www.yes.com/index/uploade [运行时间：0.032976s][吞吐率：30.33req/s] [内存消耗：1,004.93kb] [文件加载：40]
[ info ] [ LANG ] /home/lqc/tp5/thinkphp/lang/zh-cn.php
[ info ] [ ROUTE ] array (
  'type' => 'module',
  'module' => 
  array (
    0 => 'index',
    1 => 'uploade',
    2 => NULL,
  ),
)
[ info ] [ HEADER ] array (
  'host' => 'www.yes.com',
  'connection' => 'keep-alive',
  'cache-control' => 'max-age=0',
  'upgrade-insecure-requests' => '1',
  'user-agent' => 'Mozilla/5.0 (Windows NT 6.1; WOW64) AppleWebKit/537.36 (KHTML, like Gecko) Chrome/52.0.2743.116 Safari/537.36',
  'accept' => 'text/html,application/xhtml+xml,application/xml;q=0.9,image/webp,*/*;q=0.8',
  'accept-encoding' => 'gzip, deflate, sdch',
  'accept-language' => 'zh-CN,zh;q=0.8',
  'cookie' => 'pgv_pvi=675840; thinkphp_show_page_trace=0|0',
  'content-type' => '',
  'content-length' => '',
)
[ info ] [ PARAM ] array (
)
[ info ] [ RUN ] app\index\controller\UploadeController->index[ /home/lqc/tp5/application/index/controller/UploadeController.php ]
[ info ] [ LOG ] INIT File

---------------------------------------------------------------
[ 2016-12-08T15:57:55+08:00 ] 192.168.0.159 192.168.0.103 GET /index/uploade
[ log ] www.yes.com/index/uploade [运行时间：0.018509s][吞吐率：54.03req/s] [内存消耗：1,004.55kb] [文件加载：40]
[ info ] [ LANG ] /home/lqc/tp5/thinkphp/lang/zh-cn.php
[ info ] [ ROUTE ] array (
  'type' => 'module',
  'module' => 
  array (
    0 => 'index',
    1 => 'uploade',
    2 => NULL,
  ),
)
[ info ] [ HEADER ] array (
  'host' => 'www.yes.com',
  'connection' => 'keep-alive',
  'accept' => 'text/plain',
  'user-agent' => 'Mozilla/5.0 (Windows NT 6.1; WOW64) AppleWebKit/537.36 (KHTML, like Gecko) Chrome/52.0.2743.116 Safari/537.36',
  'accept-encoding' => 'gzip, deflate, sdch',
  'accept-language' => 'zh-CN,zh;q=0.8',
  'cookie' => 'pgv_pvi=675840; thinkphp_show_page_trace=0|0',
  'content-type' => '',
  'content-length' => '',
)
[ info ] [ PARAM ] array (
)
[ info ] [ RUN ] app\index\controller\UploadeController->index[ /home/lqc/tp5/application/index/controller/UploadeController.php ]
[ info ] [ LOG ] INIT File

---------------------------------------------------------------
[ 2016-12-08T16:01:15+08:00 ] 192.168.0.159 192.168.0.103 GET /index/uploade
[ log ] www.yes.com/index/uploade [运行时间：0.040553s][吞吐率：24.66req/s] [内存消耗：1,005.35kb] [文件加载：40]
[ info ] [ LANG ] /home/lqc/tp5/thinkphp/lang/zh-cn.php
[ info ] [ ROUTE ] array (
  'type' => 'module',
  'module' => 
  array (
    0 => 'index',
    1 => 'uploade',
    2 => NULL,
  ),
)
[ info ] [ HEADER ] array (
  'host' => 'www.yes.com',
  'connection' => 'keep-alive',
  'cache-control' => 'max-age=0',
  'upgrade-insecure-requests' => '1',
  'user-agent' => 'Mozilla/5.0 (Windows NT 6.1; WOW64) AppleWebKit/537.36 (KHTML, like Gecko) Chrome/52.0.2743.116 Safari/537.36',
  'accept' => 'text/html,application/xhtml+xml,application/xml;q=0.9,image/webp,*/*;q=0.8',
  'accept-encoding' => 'gzip, deflate, sdch',
  'accept-language' => 'zh-CN,zh;q=0.8',
  'cookie' => 'pgv_pvi=675840; thinkphp_show_page_trace=0|0',
  'content-type' => '',
  'content-length' => '',
)
[ info ] [ PARAM ] array (
)
[ info ] [ RUN ] app\index\controller\UploadeController->index[ /home/lqc/tp5/application/index/controller/UploadeController.php ]
[ info ] [ LOG ] INIT File

---------------------------------------------------------------
[ 2016-12-08T16:01:15+08:00 ] 192.168.0.159 192.168.0.103 GET /index/uploade
[ log ] www.yes.com/index/uploade [运行时间：0.012961s][吞吐率：77.16req/s] [内存消耗：1,004.99kb] [文件加载：40]
[ info ] [ LANG ] /home/lqc/tp5/thinkphp/lang/zh-cn.php
[ info ] [ ROUTE ] array (
  'type' => 'module',
  'module' => 
  array (
    0 => 'index',
    1 => 'uploade',
    2 => NULL,
  ),
)
[ info ] [ HEADER ] array (
  'host' => 'www.yes.com',
  'connection' => 'keep-alive',
  'accept' => 'text/plain',
  'user-agent' => 'Mozilla/5.0 (Windows NT 6.1; WOW64) AppleWebKit/537.36 (KHTML, like Gecko) Chrome/52.0.2743.116 Safari/537.36',
  'accept-encoding' => 'gzip, deflate, sdch',
  'accept-language' => 'zh-CN,zh;q=0.8',
  'cookie' => 'pgv_pvi=675840; thinkphp_show_page_trace=0|0',
  'content-type' => '',
  'content-length' => '',
)
[ info ] [ PARAM ] array (
)
[ info ] [ RUN ] app\index\controller\UploadeController->index[ /home/lqc/tp5/application/index/controller/UploadeController.php ]
[ info ] [ LOG ] INIT File

---------------------------------------------------------------
[ 2016-12-08T16:04:49+08:00 ] 192.168.0.159 192.168.0.103 GET /index/uploade
[ log ] www.yes.com/index/uploade [运行时间：0.031516s][吞吐率：31.73req/s] [内存消耗：1,005.35kb] [文件加载：40]
[ info ] [ LANG ] /home/lqc/tp5/thinkphp/lang/zh-cn.php
[ info ] [ ROUTE ] array (
  'type' => 'module',
  'module' => 
  array (
    0 => 'index',
    1 => 'uploade',
    2 => NULL,
  ),
)
[ info ] [ HEADER ] array (
  'host' => 'www.yes.com',
  'connection' => 'keep-alive',
  'cache-control' => 'max-age=0',
  'upgrade-insecure-requests' => '1',
  'user-agent' => 'Mozilla/5.0 (Windows NT 6.1; WOW64) AppleWebKit/537.36 (KHTML, like Gecko) Chrome/52.0.2743.116 Safari/537.36',
  'accept' => 'text/html,application/xhtml+xml,application/xml;q=0.9,image/webp,*/*;q=0.8',
  'accept-encoding' => 'gzip, deflate, sdch',
  'accept-language' => 'zh-CN,zh;q=0.8',
  'cookie' => 'pgv_pvi=675840; thinkphp_show_page_trace=0|0',
  'content-type' => '',
  'content-length' => '',
)
[ info ] [ PARAM ] array (
)
[ info ] [ RUN ] app\index\controller\UploadeController->index[ /home/lqc/tp5/application/index/controller/UploadeController.php ]
[ info ] [ LOG ] INIT File

---------------------------------------------------------------
[ 2016-12-08T16:04:49+08:00 ] 192.168.0.159 192.168.0.103 GET /index/uploade
[ log ] www.yes.com/index/uploade [运行时间：0.012433s][吞吐率：80.43req/s] [内存消耗：1,004.99kb] [文件加载：40]
[ info ] [ LANG ] /home/lqc/tp5/thinkphp/lang/zh-cn.php
[ info ] [ ROUTE ] array (
  'type' => 'module',
  'module' => 
  array (
    0 => 'index',
    1 => 'uploade',
    2 => NULL,
  ),
)
[ info ] [ HEADER ] array (
  'host' => 'www.yes.com',
  'connection' => 'keep-alive',
  'accept' => 'text/plain',
  'user-agent' => 'Mozilla/5.0 (Windows NT 6.1; WOW64) AppleWebKit/537.36 (KHTML, like Gecko) Chrome/52.0.2743.116 Safari/537.36',
  'accept-encoding' => 'gzip, deflate, sdch',
  'accept-language' => 'zh-CN,zh;q=0.8',
  'cookie' => 'pgv_pvi=675840; thinkphp_show_page_trace=0|0',
  'content-type' => '',
  'content-length' => '',
)
[ info ] [ PARAM ] array (
)
[ info ] [ RUN ] app\index\controller\UploadeController->index[ /home/lqc/tp5/application/index/controller/UploadeController.php ]
[ info ] [ LOG ] INIT File

---------------------------------------------------------------
[ 2016-12-08T16:04:49+08:00 ] 192.168.0.159 192.168.0.103 GET /index/uploade
[ log ] www.yes.com/index/uploade [运行时间：0.035089s][吞吐率：28.50req/s] [内存消耗：1,005.35kb] [文件加载：40]
[ info ] [ LANG ] /home/lqc/tp5/thinkphp/lang/zh-cn.php
[ info ] [ ROUTE ] array (
  'type' => 'module',
  'module' => 
  array (
    0 => 'index',
    1 => 'uploade',
    2 => NULL,
  ),
)
[ info ] [ HEADER ] array (
  'host' => 'www.yes.com',
  'connection' => 'keep-alive',
  'cache-control' => 'max-age=0',
  'upgrade-insecure-requests' => '1',
  'user-agent' => 'Mozilla/5.0 (Windows NT 6.1; WOW64) AppleWebKit/537.36 (KHTML, like Gecko) Chrome/52.0.2743.116 Safari/537.36',
  'accept' => 'text/html,application/xhtml+xml,application/xml;q=0.9,image/webp,*/*;q=0.8',
  'accept-encoding' => 'gzip, deflate, sdch',
  'accept-language' => 'zh-CN,zh;q=0.8',
  'cookie' => 'pgv_pvi=675840; thinkphp_show_page_trace=0|0',
  'content-type' => '',
  'content-length' => '',
)
[ info ] [ PARAM ] array (
)
[ info ] [ RUN ] app\index\controller\UploadeController->index[ /home/lqc/tp5/application/index/controller/UploadeController.php ]
[ info ] [ LOG ] INIT File

---------------------------------------------------------------
[ 2016-12-08T16:04:49+08:00 ] 192.168.0.159 192.168.0.103 GET /index/uploade
[ log ] www.yes.com/index/uploade [运行时间：0.014554s][吞吐率：68.71req/s] [内存消耗：1,004.99kb] [文件加载：40]
[ info ] [ LANG ] /home/lqc/tp5/thinkphp/lang/zh-cn.php
[ info ] [ ROUTE ] array (
  'type' => 'module',
  'module' => 
  array (
    0 => 'index',
    1 => 'uploade',
    2 => NULL,
  ),
)
[ info ] [ HEADER ] array (
  'host' => 'www.yes.com',
  'connection' => 'keep-alive',
  'accept' => 'text/plain',
  'user-agent' => 'Mozilla/5.0 (Windows NT 6.1; WOW64) AppleWebKit/537.36 (KHTML, like Gecko) Chrome/52.0.2743.116 Safari/537.36',
  'accept-encoding' => 'gzip, deflate, sdch',
  'accept-language' => 'zh-CN,zh;q=0.8',
  'cookie' => 'pgv_pvi=675840; thinkphp_show_page_trace=0|0',
  'content-type' => '',
  'content-length' => '',
)
[ info ] [ PARAM ] array (
)
[ info ] [ RUN ] app\index\controller\UploadeController->index[ /home/lqc/tp5/application/index/controller/UploadeController.php ]
[ info ] [ LOG ] INIT File

---------------------------------------------------------------
[ 2016-12-08T16:04:54+08:00 ] 192.168.0.159 192.168.0.103 GET /index/uploade
[ log ] www.yes.com/index/uploade [运行时间：0.023696s][吞吐率：42.20req/s] [内存消耗：1,002.03kb] [文件加载：40]
[ info ] [ LANG ] /home/lqc/tp5/thinkphp/lang/zh-cn.php
[ info ] [ ROUTE ] array (
  'type' => 'module',
  'module' => 
  array (
    0 => 'index',
    1 => 'uploade',
    2 => NULL,
  ),
)
[ info ] [ HEADER ] array (
  'host' => 'www.yes.com',
  'connection' => 'keep-alive',
  'cache-control' => 'max-age=0',
  'upgrade-insecure-requests' => '1',
  'user-agent' => 'Mozilla/5.0 (Windows NT 6.1; WOW64) AppleWebKit/537.36 (KHTML, like Gecko) Chrome/52.0.2743.116 Safari/537.36',
  'accept' => 'text/html,application/xhtml+xml,application/xml;q=0.9,image/webp,*/*;q=0.8',
  'accept-encoding' => 'gzip, deflate, sdch',
  'accept-language' => 'zh-CN,zh;q=0.8',
  'cookie' => 'pgv_pvi=675840; thinkphp_show_page_trace=0|0',
  'content-type' => '',
  'content-length' => '',
)
[ info ] [ PARAM ] array (
)
[ info ] [ RUN ] app\index\controller\UploadeController->index[ /home/lqc/tp5/application/index/controller/UploadeController.php ]
[ info ] [ LOG ] INIT File

---------------------------------------------------------------
[ 2016-12-08T16:04:54+08:00 ] 192.168.0.159 192.168.0.103 GET /index/uploade
[ log ] www.yes.com/index/uploade [运行时间：0.015229s][吞吐率：65.66req/s] [内存消耗：1,001.67kb] [文件加载：40]
[ info ] [ LANG ] /home/lqc/tp5/thinkphp/lang/zh-cn.php
[ info ] [ ROUTE ] array (
  'type' => 'module',
  'module' => 
  array (
    0 => 'index',
    1 => 'uploade',
    2 => NULL,
  ),
)
[ info ] [ HEADER ] array (
  'host' => 'www.yes.com',
  'connection' => 'keep-alive',
  'accept' => 'text/plain',
  'user-agent' => 'Mozilla/5.0 (Windows NT 6.1; WOW64) AppleWebKit/537.36 (KHTML, like Gecko) Chrome/52.0.2743.116 Safari/537.36',
  'accept-encoding' => 'gzip, deflate, sdch',
  'accept-language' => 'zh-CN,zh;q=0.8',
  'cookie' => 'pgv_pvi=675840; thinkphp_show_page_trace=0|0',
  'content-type' => '',
  'content-length' => '',
)
[ info ] [ PARAM ] array (
)
[ info ] [ RUN ] app\index\controller\UploadeController->index[ /home/lqc/tp5/application/index/controller/UploadeController.php ]
[ info ] [ LOG ] INIT File

---------------------------------------------------------------
[ 2016-12-08T17:26:01+08:00 ] 192.168.0.159 192.168.0.103 GET /index/uploade
[ log ] www.yes.com/index/uploade [运行时间：0.019764s][吞吐率：50.60req/s] [内存消耗：1,002.03kb] [文件加载：40]
[ info ] [ LANG ] /home/lqc/tp5/thinkphp/lang/zh-cn.php
[ info ] [ ROUTE ] array (
  'type' => 'module',
  'module' => 
  array (
    0 => 'index',
    1 => 'uploade',
    2 => NULL,
  ),
)
[ info ] [ HEADER ] array (
  'host' => 'www.yes.com',
  'connection' => 'keep-alive',
  'cache-control' => 'max-age=0',
  'upgrade-insecure-requests' => '1',
  'user-agent' => 'Mozilla/5.0 (Windows NT 6.1; WOW64) AppleWebKit/537.36 (KHTML, like Gecko) Chrome/52.0.2743.116 Safari/537.36',
  'accept' => 'text/html,application/xhtml+xml,application/xml;q=0.9,image/webp,*/*;q=0.8',
  'accept-encoding' => 'gzip, deflate, sdch',
  'accept-language' => 'zh-CN,zh;q=0.8',
  'cookie' => 'pgv_pvi=675840; thinkphp_show_page_trace=0|0',
  'content-type' => '',
  'content-length' => '',
)
[ info ] [ PARAM ] array (
)
[ info ] [ RUN ] app\index\controller\UploadeController->index[ /home/lqc/tp5/application/index/controller/UploadeController.php ]
[ info ] [ LOG ] INIT File

---------------------------------------------------------------
[ 2016-12-08T17:26:01+08:00 ] 192.168.0.159 192.168.0.103 GET /index/uploade
[ log ] www.yes.com/index/uploade [运行时间：0.040271s][吞吐率：24.83req/s] [内存消耗：1,001.67kb] [文件加载：40]
[ info ] [ LANG ] /home/lqc/tp5/thinkphp/lang/zh-cn.php
[ info ] [ ROUTE ] array (
  'type' => 'module',
  'module' => 
  array (
    0 => 'index',
    1 => 'uploade',
    2 => NULL,
  ),
)
[ info ] [ HEADER ] array (
  'host' => 'www.yes.com',
  'connection' => 'keep-alive',
  'accept' => 'text/plain',
  'user-agent' => 'Mozilla/5.0 (Windows NT 6.1; WOW64) AppleWebKit/537.36 (KHTML, like Gecko) Chrome/52.0.2743.116 Safari/537.36',
  'accept-encoding' => 'gzip, deflate, sdch',
  'accept-language' => 'zh-CN,zh;q=0.8',
  'cookie' => 'pgv_pvi=675840; thinkphp_show_page_trace=0|0',
  'content-type' => '',
  'content-length' => '',
)
[ info ] [ PARAM ] array (
)
[ info ] [ RUN ] app\index\controller\UploadeController->index[ /home/lqc/tp5/application/index/controller/UploadeController.php ]
[ info ] [ LOG ] INIT File

---------------------------------------------------------------
[ 2016-12-08T17:26:02+08:00 ] 192.168.0.159 192.168.0.103 GET /index/uploade
[ log ] www.yes.com/index/uploade [运行时间：0.043272s][吞吐率：23.11req/s] [内存消耗：1,002.03kb] [文件加载：40]
[ info ] [ LANG ] /home/lqc/tp5/thinkphp/lang/zh-cn.php
[ info ] [ ROUTE ] array (
  'type' => 'module',
  'module' => 
  array (
    0 => 'index',
    1 => 'uploade',
    2 => NULL,
  ),
)
[ info ] [ HEADER ] array (
  'host' => 'www.yes.com',
  'connection' => 'keep-alive',
  'cache-control' => 'max-age=0',
  'upgrade-insecure-requests' => '1',
  'user-agent' => 'Mozilla/5.0 (Windows NT 6.1; WOW64) AppleWebKit/537.36 (KHTML, like Gecko) Chrome/52.0.2743.116 Safari/537.36',
  'accept' => 'text/html,application/xhtml+xml,application/xml;q=0.9,image/webp,*/*;q=0.8',
  'accept-encoding' => 'gzip, deflate, sdch',
  'accept-language' => 'zh-CN,zh;q=0.8',
  'cookie' => 'pgv_pvi=675840; thinkphp_show_page_trace=0|0',
  'content-type' => '',
  'content-length' => '',
)
[ info ] [ PARAM ] array (
)
[ info ] [ RUN ] app\index\controller\UploadeController->index[ /home/lqc/tp5/application/index/controller/UploadeController.php ]
[ info ] [ LOG ] INIT File

---------------------------------------------------------------
[ 2016-12-08T17:26:02+08:00 ] 192.168.0.159 192.168.0.103 GET /index/uploade
[ log ] www.yes.com/index/uploade [运行时间：0.022924s][吞吐率：43.62req/s] [内存消耗：1,001.67kb] [文件加载：40]
[ info ] [ LANG ] /home/lqc/tp5/thinkphp/lang/zh-cn.php
[ info ] [ ROUTE ] array (
  'type' => 'module',
  'module' => 
  array (
    0 => 'index',
    1 => 'uploade',
    2 => NULL,
  ),
)
[ info ] [ HEADER ] array (
  'host' => 'www.yes.com',
  'connection' => 'keep-alive',
  'accept' => 'text/plain',
  'user-agent' => 'Mozilla/5.0 (Windows NT 6.1; WOW64) AppleWebKit/537.36 (KHTML, like Gecko) Chrome/52.0.2743.116 Safari/537.36',
  'accept-encoding' => 'gzip, deflate, sdch',
  'accept-language' => 'zh-CN,zh;q=0.8',
  'cookie' => 'pgv_pvi=675840; thinkphp_show_page_trace=0|0',
  'content-type' => '',
  'content-length' => '',
)
[ info ] [ PARAM ] array (
)
[ info ] [ RUN ] app\index\controller\UploadeController->index[ /home/lqc/tp5/application/index/controller/UploadeController.php ]
[ info ] [ LOG ] INIT File

---------------------------------------------------------------
[ 2016-12-08T17:26:02+08:00 ] 192.168.0.159 192.168.0.103 GET /index/uploade
[ log ] www.yes.com/index/uploade [运行时间：0.030001s][吞吐率：33.33req/s] [内存消耗：1,002.03kb] [文件加载：40]
[ info ] [ LANG ] /home/lqc/tp5/thinkphp/lang/zh-cn.php
[ info ] [ ROUTE ] array (
  'type' => 'module',
  'module' => 
  array (
    0 => 'index',
    1 => 'uploade',
    2 => NULL,
  ),
)
[ info ] [ HEADER ] array (
  'host' => 'www.yes.com',
  'connection' => 'keep-alive',
  'cache-control' => 'max-age=0',
  'upgrade-insecure-requests' => '1',
  'user-agent' => 'Mozilla/5.0 (Windows NT 6.1; WOW64) AppleWebKit/537.36 (KHTML, like Gecko) Chrome/52.0.2743.116 Safari/537.36',
  'accept' => 'text/html,application/xhtml+xml,application/xml;q=0.9,image/webp,*/*;q=0.8',
  'accept-encoding' => 'gzip, deflate, sdch',
  'accept-language' => 'zh-CN,zh;q=0.8',
  'cookie' => 'pgv_pvi=675840; thinkphp_show_page_trace=0|0',
  'content-type' => '',
  'content-length' => '',
)
[ info ] [ PARAM ] array (
)
[ info ] [ RUN ] app\index\controller\UploadeController->index[ /home/lqc/tp5/application/index/controller/UploadeController.php ]
[ info ] [ LOG ] INIT File

---------------------------------------------------------------
[ 2016-12-08T17:26:02+08:00 ] 192.168.0.159 192.168.0.103 GET /index/uploade
[ log ] www.yes.com/index/uploade [运行时间：0.016035s][吞吐率：62.36req/s] [内存消耗：1,001.67kb] [文件加载：40]
[ info ] [ LANG ] /home/lqc/tp5/thinkphp/lang/zh-cn.php
[ info ] [ ROUTE ] array (
  'type' => 'module',
  'module' => 
  array (
    0 => 'index',
    1 => 'uploade',
    2 => NULL,
  ),
)
[ info ] [ HEADER ] array (
  'host' => 'www.yes.com',
  'connection' => 'keep-alive',
  'accept' => 'text/plain',
  'user-agent' => 'Mozilla/5.0 (Windows NT 6.1; WOW64) AppleWebKit/537.36 (KHTML, like Gecko) Chrome/52.0.2743.116 Safari/537.36',
  'accept-encoding' => 'gzip, deflate, sdch',
  'accept-language' => 'zh-CN,zh;q=0.8',
  'cookie' => 'pgv_pvi=675840; thinkphp_show_page_trace=0|0',
  'content-type' => '',
  'content-length' => '',
)
[ info ] [ PARAM ] array (
)
[ info ] [ RUN ] app\index\controller\UploadeController->index[ /home/lqc/tp5/application/index/controller/UploadeController.php ]
[ info ] [ LOG ] INIT File

---------------------------------------------------------------
[ 2016-12-08T17:26:02+08:00 ] 192.168.0.159 192.168.0.103 GET /index/uploade
[ log ] www.yes.com/index/uploade [运行时间：0.026975s][吞吐率：37.07req/s] [内存消耗：1,002.03kb] [文件加载：40]
[ info ] [ LANG ] /home/lqc/tp5/thinkphp/lang/zh-cn.php
[ info ] [ ROUTE ] array (
  'type' => 'module',
  'module' => 
  array (
    0 => 'index',
    1 => 'uploade',
    2 => NULL,
  ),
)
[ info ] [ HEADER ] array (
  'host' => 'www.yes.com',
  'connection' => 'keep-alive',
  'cache-control' => 'max-age=0',
  'upgrade-insecure-requests' => '1',
  'user-agent' => 'Mozilla/5.0 (Windows NT 6.1; WOW64) AppleWebKit/537.36 (KHTML, like Gecko) Chrome/52.0.2743.116 Safari/537.36',
  'accept' => 'text/html,application/xhtml+xml,application/xml;q=0.9,image/webp,*/*;q=0.8',
  'accept-encoding' => 'gzip, deflate, sdch',
  'accept-language' => 'zh-CN,zh;q=0.8',
  'cookie' => 'pgv_pvi=675840; thinkphp_show_page_trace=0|0',
  'content-type' => '',
  'content-length' => '',
)
[ info ] [ PARAM ] array (
)
[ info ] [ RUN ] app\index\controller\UploadeController->index[ /home/lqc/tp5/application/index/controller/UploadeController.php ]
[ info ] [ LOG ] INIT File

---------------------------------------------------------------
[ 2016-12-08T17:26:02+08:00 ] 192.168.0.159 192.168.0.103 GET /index/uploade
[ log ] www.yes.com/index/uploade [运行时间：0.014089s][吞吐率：70.98req/s] [内存消耗：1,001.67kb] [文件加载：40]
[ info ] [ LANG ] /home/lqc/tp5/thinkphp/lang/zh-cn.php
[ info ] [ ROUTE ] array (
  'type' => 'module',
  'module' => 
  array (
    0 => 'index',
    1 => 'uploade',
    2 => NULL,
  ),
)
[ info ] [ HEADER ] array (
  'host' => 'www.yes.com',
  'connection' => 'keep-alive',
  'accept' => 'text/plain',
  'user-agent' => 'Mozilla/5.0 (Windows NT 6.1; WOW64) AppleWebKit/537.36 (KHTML, like Gecko) Chrome/52.0.2743.116 Safari/537.36',
  'accept-encoding' => 'gzip, deflate, sdch',
  'accept-language' => 'zh-CN,zh;q=0.8',
  'cookie' => 'pgv_pvi=675840; thinkphp_show_page_trace=0|0',
  'content-type' => '',
  'content-length' => '',
)
[ info ] [ PARAM ] array (
)
[ info ] [ RUN ] app\index\controller\UploadeController->index[ /home/lqc/tp5/application/index/controller/UploadeController.php ]
[ info ] [ LOG ] INIT File

---------------------------------------------------------------
[ 2016-12-08T17:26:03+08:00 ] 192.168.0.159 192.168.0.103 GET /index/uploade
[ log ] www.yes.com/index/uploade [运行时间：0.033926s][吞吐率：29.48req/s] [内存消耗：1,002.03kb] [文件加载：40]
[ info ] [ LANG ] /home/lqc/tp5/thinkphp/lang/zh-cn.php
[ info ] [ ROUTE ] array (
  'type' => 'module',
  'module' => 
  array (
    0 => 'index',
    1 => 'uploade',
    2 => NULL,
  ),
)
[ info ] [ HEADER ] array (
  'host' => 'www.yes.com',
  'connection' => 'keep-alive',
  'cache-control' => 'max-age=0',
  'upgrade-insecure-requests' => '1',
  'user-agent' => 'Mozilla/5.0 (Windows NT 6.1; WOW64) AppleWebKit/537.36 (KHTML, like Gecko) Chrome/52.0.2743.116 Safari/537.36',
  'accept' => 'text/html,application/xhtml+xml,application/xml;q=0.9,image/webp,*/*;q=0.8',
  'accept-encoding' => 'gzip, deflate, sdch',
  'accept-language' => 'zh-CN,zh;q=0.8',
  'cookie' => 'pgv_pvi=675840; thinkphp_show_page_trace=0|0',
  'content-type' => '',
  'content-length' => '',
)
[ info ] [ PARAM ] array (
)
[ info ] [ RUN ] app\index\controller\UploadeController->index[ /home/lqc/tp5/application/index/controller/UploadeController.php ]
[ info ] [ LOG ] INIT File

---------------------------------------------------------------
[ 2016-12-08T17:26:03+08:00 ] 192.168.0.159 192.168.0.103 GET /index/uploade
[ log ] www.yes.com/index/uploade [运行时间：0.015384s][吞吐率：65.00req/s] [内存消耗：1,001.67kb] [文件加载：40]
[ info ] [ LANG ] /home/lqc/tp5/thinkphp/lang/zh-cn.php
[ info ] [ ROUTE ] array (
  'type' => 'module',
  'module' => 
  array (
    0 => 'index',
    1 => 'uploade',
    2 => NULL,
  ),
)
[ info ] [ HEADER ] array (
  'host' => 'www.yes.com',
  'connection' => 'keep-alive',
  'accept' => 'text/plain',
  'user-agent' => 'Mozilla/5.0 (Windows NT 6.1; WOW64) AppleWebKit/537.36 (KHTML, like Gecko) Chrome/52.0.2743.116 Safari/537.36',
  'accept-encoding' => 'gzip, deflate, sdch',
  'accept-language' => 'zh-CN,zh;q=0.8',
  'cookie' => 'pgv_pvi=675840; thinkphp_show_page_trace=0|0',
  'content-type' => '',
  'content-length' => '',
)
[ info ] [ PARAM ] array (
)
[ info ] [ RUN ] app\index\controller\UploadeController->index[ /home/lqc/tp5/application/index/controller/UploadeController.php ]
[ info ] [ LOG ] INIT File

---------------------------------------------------------------
[ 2016-12-08T17:26:05+08:00 ] 192.168.0.159 192.168.0.103 GET /
[ log ] www.yes.com/ [运行时间：0.039387s][吞吐率：25.39req/s] [内存消耗：1,091.25kb] [文件加载：46]
[ info ] [ LANG ] /home/lqc/tp5/thinkphp/lang/zh-cn.php
[ info ] [ ROUTE ] array (
  'type' => 'module',
  'module' => 
  array (
    0 => '',
    1 => NULL,
    2 => NULL,
  ),
)
[ info ] [ HEADER ] array (
  'host' => 'www.yes.com',
  'connection' => 'keep-alive',
  'upgrade-insecure-requests' => '1',
  'user-agent' => 'Mozilla/5.0 (Windows NT 6.1; WOW64) AppleWebKit/537.36 (KHTML, like Gecko) Chrome/52.0.2743.116 Safari/537.36',
  'accept' => 'text/html,application/xhtml+xml,application/xml;q=0.9,image/webp,*/*;q=0.8',
  'accept-encoding' => 'gzip, deflate, sdch',
  'accept-language' => 'zh-CN,zh;q=0.8',
  'cookie' => 'pgv_pvi=675840; thinkphp_show_page_trace=0|0',
  'content-type' => '',
  'content-length' => '',
)
[ info ] [ PARAM ] array (
)
[ info ] [ RUN ] app\index\controller\IndexController->index[ /home/lqc/tp5/application/index/controller/IndexController.php ]
[ info ] [ LOG ] INIT File

---------------------------------------------------------------
[ 2016-12-08T17:26:06+08:00 ] 192.168.0.159 192.168.0.103 GET /
[ log ] www.yes.com/ [运行时间：0.193018s][吞吐率：5.18req/s] [内存消耗：1,091.25kb] [文件加载：46]
[ info ] [ LANG ] /home/lqc/tp5/thinkphp/lang/zh-cn.php
[ info ] [ ROUTE ] array (
  'type' => 'module',
  'module' => 
  array (
    0 => '',
    1 => NULL,
    2 => NULL,
  ),
)
[ info ] [ HEADER ] array (
  'host' => 'www.yes.com',
  'connection' => 'keep-alive',
  'accept' => 'text/plain',
  'user-agent' => 'Mozilla/5.0 (Windows NT 6.1; WOW64) AppleWebKit/537.36 (KHTML, like Gecko) Chrome/52.0.2743.116 Safari/537.36',
  'accept-encoding' => 'gzip, deflate, sdch',
  'accept-language' => 'zh-CN,zh;q=0.8',
  'cookie' => 'pgv_pvi=675840; thinkphp_show_page_trace=0|0',
  'content-type' => '',
  'content-length' => '',
)
[ info ] [ PARAM ] array (
)
[ info ] [ RUN ] app\index\controller\IndexController->index[ /home/lqc/tp5/application/index/controller/IndexController.php ]
[ info ] [ LOG ] INIT File

---------------------------------------------------------------
[ 2016-12-08T18:13:00+08:00 ] 192.168.0.159 192.168.0.103 GET /
[ log ] www.yes.com/ [运行时间：0.018114s][吞吐率：55.21req/s] [内存消耗：1,091.22kb] [文件加载：46]
[ info ] [ LANG ] /home/lqc/tp5/thinkphp/lang/zh-cn.php
[ info ] [ ROUTE ] array (
  'type' => 'module',
  'module' => 
  array (
    0 => '',
    1 => NULL,
    2 => NULL,
  ),
)
[ info ] [ HEADER ] array (
  'host' => 'www.yes.com',
  'connection' => 'keep-alive',
  'accept' => 'text/plain',
  'user-agent' => 'Mozilla/5.0 (Windows NT 6.1; WOW64) AppleWebKit/537.36 (KHTML, like Gecko) Chrome/52.0.2743.116 Safari/537.36',
  'accept-encoding' => 'gzip, deflate, sdch',
  'accept-language' => 'zh-CN,zh;q=0.8',
  'cookie' => 'pgv_pvi=675840; thinkphp_show_page_trace=0|0',
  'content-type' => '',
  'content-length' => '',
)
[ info ] [ PARAM ] array (
)
[ info ] [ RUN ] app\index\controller\IndexController->index[ /home/lqc/tp5/application/index/controller/IndexController.php ]
[ info ] [ LOG ] INIT File

---------------------------------------------------------------
[ 2016-12-08T18:13:01+08:00 ] 192.168.0.159 192.168.0.103 GET /
[ log ] www.yes.com/ [运行时间：0.040656s][吞吐率：24.60req/s] [内存消耗：1,091.40kb] [文件加载：46]
[ info ] [ LANG ] /home/lqc/tp5/thinkphp/lang/zh-cn.php
[ info ] [ ROUTE ] array (
  'type' => 'module',
  'module' => 
  array (
    0 => '',
    1 => NULL,
    2 => NULL,
  ),
)
[ info ] [ HEADER ] array (
  'host' => 'www.yes.com',
  'connection' => 'keep-alive',
  'cache-control' => 'max-age=0',
  'upgrade-insecure-requests' => '1',
  'user-agent' => 'Mozilla/5.0 (Windows NT 6.1; WOW64) AppleWebKit/537.36 (KHTML, like Gecko) Chrome/52.0.2743.116 Safari/537.36',
  'accept' => 'text/html,application/xhtml+xml,application/xml;q=0.9,image/webp,*/*;q=0.8',
  'accept-encoding' => 'gzip, deflate, sdch',
  'accept-language' => 'zh-CN,zh;q=0.8',
  'cookie' => 'pgv_pvi=675840; thinkphp_show_page_trace=0|0',
  'content-type' => '',
  'content-length' => '',
)
[ info ] [ PARAM ] array (
)
[ info ] [ RUN ] app\index\controller\IndexController->index[ /home/lqc/tp5/application/index/controller/IndexController.php ]
[ info ] [ LOG ] INIT File

---------------------------------------------------------------
[ 2016-12-08T18:13:02+08:00 ] 192.168.0.159 192.168.0.103 GET /
[ log ] www.yes.com/ [运行时间：0.039500s][吞吐率：25.32req/s] [内存消耗：1,091.22kb] [文件加载：46]
[ info ] [ LANG ] /home/lqc/tp5/thinkphp/lang/zh-cn.php
[ info ] [ ROUTE ] array (
  'type' => 'module',
  'module' => 
  array (
    0 => '',
    1 => NULL,
    2 => NULL,
  ),
)
[ info ] [ HEADER ] array (
  'host' => 'www.yes.com',
  'connection' => 'keep-alive',
  'accept' => 'text/plain',
  'user-agent' => 'Mozilla/5.0 (Windows NT 6.1; WOW64) AppleWebKit/537.36 (KHTML, like Gecko) Chrome/52.0.2743.116 Safari/537.36',
  'accept-encoding' => 'gzip, deflate, sdch',
  'accept-language' => 'zh-CN,zh;q=0.8',
  'cookie' => 'pgv_pvi=675840; thinkphp_show_page_trace=0|0',
  'content-type' => '',
  'content-length' => '',
)
[ info ] [ PARAM ] array (
)
[ info ] [ RUN ] app\index\controller\IndexController->index[ /home/lqc/tp5/application/index/controller/IndexController.php ]
[ info ] [ LOG ] INIT File

---------------------------------------------------------------
