[ 2016-12-19T21:18:08+08:00 ] 192.168.0.159 192.168.0.104 GET /
[ log ] www.yes.com/ [运行时间：0.261619s][吞吐率：3.82req/s] [内存消耗：1,091.26kb] [文件加载：46]
[ info ] [ LANG ] /home/lqc/tp5/thinkphp/lang/zh-cn.php
[ info ] [ ROUTE ] array (
  'type' => 'module',
  'module' => 
  array (
    0 => '',
    1 => NULL,
    2 => NULL,
  ),
)
[ info ] [ HEADER ] array (
  'host' => 'www.yes.com',
  'connection' => 'keep-alive',
  'upgrade-insecure-requests' => '1',
  'user-agent' => 'Mozilla/5.0 (Windows NT 6.1; WOW64) AppleWebKit/537.36 (KHTML, like Gecko) Chrome/52.0.2743.116 Safari/537.36',
  'accept' => 'text/html,application/xhtml+xml,application/xml;q=0.9,image/webp,*/*;q=0.8',
  'accept-encoding' => 'gzip, deflate, sdch',
  'accept-language' => 'zh-CN,zh;q=0.8',
  'cookie' => 'pgv_pvi=675840',
  'content-type' => '',
  'content-length' => '',
)
[ info ] [ PARAM ] array (
)
[ info ] [ RUN ] app\index\controller\IndexController->index[ /home/lqc/tp5/application/index/controller/IndexController.php ]
[ info ] [ LOG ] INIT File

---------------------------------------------------------------
[ 2016-12-19T21:18:09+08:00 ] 192.168.0.159 192.168.0.104 GET /
[ log ] www.yes.com/ [运行时间：0.015273s][吞吐率：65.47req/s] [内存消耗：1,091.09kb] [文件加载：46]
[ info ] [ LANG ] /home/lqc/tp5/thinkphp/lang/zh-cn.php
[ info ] [ ROUTE ] array (
  'type' => 'module',
  'module' => 
  array (
    0 => '',
    1 => NULL,
    2 => NULL,
  ),
)
[ info ] [ HEADER ] array (
  'host' => 'www.yes.com',
  'connection' => 'keep-alive',
  'accept' => 'text/plain',
  'user-agent' => 'Mozilla/5.0 (Windows NT 6.1; WOW64) AppleWebKit/537.36 (KHTML, like Gecko) Chrome/52.0.2743.116 Safari/537.36',
  'accept-encoding' => 'gzip, deflate, sdch',
  'accept-language' => 'zh-CN,zh;q=0.8',
  'cookie' => 'pgv_pvi=675840; thinkphp_show_page_trace=0|0',
  'content-type' => '',
  'content-length' => '',
)
[ info ] [ PARAM ] array (
)
[ info ] [ RUN ] app\index\controller\IndexController->index[ /home/lqc/tp5/application/index/controller/IndexController.php ]
[ info ] [ LOG ] INIT File

---------------------------------------------------------------
[ 2016-12-19T21:18:15+08:00 ] 192.168.0.159 192.168.0.104 GET /index/search
[ log ] www.yes.com/index/search [运行时间：0.139958s][吞吐率：7.14req/s] [内存消耗：1,049.04kb] [文件加载：39]
[ info ] [ LANG ] /home/lqc/tp5/thinkphp/lang/zh-cn.php
[ info ] [ ROUTE ] array (
  'type' => 'module',
  'module' => 
  array (
    0 => 'index',
    1 => 'search',
    2 => NULL,
  ),
)
[ info ] [ HEADER ] array (
  'host' => 'www.yes.com',
  'connection' => 'keep-alive',
  'upgrade-insecure-requests' => '1',
  'user-agent' => 'Mozilla/5.0 (Windows NT 6.1; WOW64) AppleWebKit/537.36 (KHTML, like Gecko) Chrome/52.0.2743.116 Safari/537.36',
  'accept' => 'text/html,application/xhtml+xml,application/xml;q=0.9,image/webp,*/*;q=0.8',
  'accept-encoding' => 'gzip, deflate, sdch',
  'accept-language' => 'zh-CN,zh;q=0.8',
  'cookie' => 'pgv_pvi=675840; thinkphp_show_page_trace=0|0',
  'content-type' => '',
  'content-length' => '',
)
[ info ] [ PARAM ] array (
)
[ info ] [ RUN ] app\index\controller\SearchController->index[ /home/lqc/tp5/application/index/controller/SearchController.php ]
[ info ] [ LOG ] INIT File

---------------------------------------------------------------
[ 2016-12-19T21:26:32+08:00 ] 192.168.0.159 192.168.0.104 GET /index/search
[ log ] www.yes.com/index/search [运行时间：0.014657s][吞吐率：68.23req/s] [内存消耗：1,049.27kb] [文件加载：39]
[ info ] [ LANG ] /home/lqc/tp5/thinkphp/lang/zh-cn.php
[ info ] [ ROUTE ] array (
  'type' => 'module',
  'module' => 
  array (
    0 => 'index',
    1 => 'search',
    2 => NULL,
  ),
)
[ info ] [ HEADER ] array (
  'host' => 'www.yes.com',
  'connection' => 'keep-alive',
  'cache-control' => 'max-age=0',
  'upgrade-insecure-requests' => '1',
  'user-agent' => 'Mozilla/5.0 (Windows NT 6.1; WOW64) AppleWebKit/537.36 (KHTML, like Gecko) Chrome/52.0.2743.116 Safari/537.36',
  'accept' => 'text/html,application/xhtml+xml,application/xml;q=0.9,image/webp,*/*;q=0.8',
  'accept-encoding' => 'gzip, deflate, sdch',
  'accept-language' => 'zh-CN,zh;q=0.8',
  'cookie' => 'pgv_pvi=675840; thinkphp_show_page_trace=0|0',
  'content-type' => '',
  'content-length' => '',
)
[ info ] [ PARAM ] array (
)
[ info ] [ RUN ] app\index\controller\SearchController->index[ /home/lqc/tp5/application/index/controller/SearchController.php ]
[ info ] [ LOG ] INIT File

---------------------------------------------------------------
[ 2016-12-19T21:34:13+08:00 ] 192.168.0.159 192.168.0.104 GET /index/search
[ log ] www.yes.com/index/search [运行时间：0.016683s][吞吐率：59.94req/s] [内存消耗：1,049.27kb] [文件加载：39]
[ info ] [ LANG ] /home/lqc/tp5/thinkphp/lang/zh-cn.php
[ info ] [ ROUTE ] array (
  'type' => 'module',
  'module' => 
  array (
    0 => 'index',
    1 => 'search',
    2 => NULL,
  ),
)
[ info ] [ HEADER ] array (
  'host' => 'www.yes.com',
  'connection' => 'keep-alive',
  'cache-control' => 'max-age=0',
  'upgrade-insecure-requests' => '1',
  'user-agent' => 'Mozilla/5.0 (Windows NT 6.1; WOW64) AppleWebKit/537.36 (KHTML, like Gecko) Chrome/52.0.2743.116 Safari/537.36',
  'accept' => 'text/html,application/xhtml+xml,application/xml;q=0.9,image/webp,*/*;q=0.8',
  'accept-encoding' => 'gzip, deflate, sdch',
  'accept-language' => 'zh-CN,zh;q=0.8',
  'cookie' => 'pgv_pvi=675840; thinkphp_show_page_trace=0|0',
  'content-type' => '',
  'content-length' => '',
)
[ info ] [ PARAM ] array (
)
[ info ] [ RUN ] app\index\controller\SearchController->index[ /home/lqc/tp5/application/index/controller/SearchController.php ]
[ info ] [ LOG ] INIT File

---------------------------------------------------------------
[ 2016-12-19T21:34:26+08:00 ] 192.168.0.159 192.168.0.104 GET /index/search
[ log ] www.yes.com/index/search [运行时间：0.014510s][吞吐率：68.92req/s] [内存消耗：1,049.27kb] [文件加载：39]
[ info ] [ LANG ] /home/lqc/tp5/thinkphp/lang/zh-cn.php
[ info ] [ ROUTE ] array (
  'type' => 'module',
  'module' => 
  array (
    0 => 'index',
    1 => 'search',
    2 => NULL,
  ),
)
[ info ] [ HEADER ] array (
  'host' => 'www.yes.com',
  'connection' => 'keep-alive',
  'cache-control' => 'max-age=0',
  'upgrade-insecure-requests' => '1',
  'user-agent' => 'Mozilla/5.0 (Windows NT 6.1; WOW64) AppleWebKit/537.36 (KHTML, like Gecko) Chrome/52.0.2743.116 Safari/537.36',
  'accept' => 'text/html,application/xhtml+xml,application/xml;q=0.9,image/webp,*/*;q=0.8',
  'accept-encoding' => 'gzip, deflate, sdch',
  'accept-language' => 'zh-CN,zh;q=0.8',
  'cookie' => 'pgv_pvi=675840; thinkphp_show_page_trace=0|0',
  'content-type' => '',
  'content-length' => '',
)
[ info ] [ PARAM ] array (
)
[ info ] [ RUN ] app\index\controller\SearchController->index[ /home/lqc/tp5/application/index/controller/SearchController.php ]
[ info ] [ LOG ] INIT File

---------------------------------------------------------------
[ 2016-12-19T21:34:27+08:00 ] 192.168.0.159 192.168.0.104 GET /index/search
[ log ] www.yes.com/index/search [运行时间：0.014026s][吞吐率：71.30req/s] [内存消耗：1,049.27kb] [文件加载：39]
[ info ] [ LANG ] /home/lqc/tp5/thinkphp/lang/zh-cn.php
[ info ] [ ROUTE ] array (
  'type' => 'module',
  'module' => 
  array (
    0 => 'index',
    1 => 'search',
    2 => NULL,
  ),
)
[ info ] [ HEADER ] array (
  'host' => 'www.yes.com',
  'connection' => 'keep-alive',
  'cache-control' => 'max-age=0',
  'upgrade-insecure-requests' => '1',
  'user-agent' => 'Mozilla/5.0 (Windows NT 6.1; WOW64) AppleWebKit/537.36 (KHTML, like Gecko) Chrome/52.0.2743.116 Safari/537.36',
  'accept' => 'text/html,application/xhtml+xml,application/xml;q=0.9,image/webp,*/*;q=0.8',
  'accept-encoding' => 'gzip, deflate, sdch',
  'accept-language' => 'zh-CN,zh;q=0.8',
  'cookie' => 'pgv_pvi=675840; thinkphp_show_page_trace=0|0',
  'content-type' => '',
  'content-length' => '',
)
[ info ] [ PARAM ] array (
)
[ info ] [ RUN ] app\index\controller\SearchController->index[ /home/lqc/tp5/application/index/controller/SearchController.php ]
[ info ] [ LOG ] INIT File

---------------------------------------------------------------
[ 2016-12-19T21:34:28+08:00 ] 192.168.0.159 192.168.0.104 GET /index/search
[ log ] www.yes.com/index/search [运行时间：0.013771s][吞吐率：72.62req/s] [内存消耗：1,049.27kb] [文件加载：39]
[ info ] [ LANG ] /home/lqc/tp5/thinkphp/lang/zh-cn.php
[ info ] [ ROUTE ] array (
  'type' => 'module',
  'module' => 
  array (
    0 => 'index',
    1 => 'search',
    2 => NULL,
  ),
)
[ info ] [ HEADER ] array (
  'host' => 'www.yes.com',
  'connection' => 'keep-alive',
  'cache-control' => 'max-age=0',
  'upgrade-insecure-requests' => '1',
  'user-agent' => 'Mozilla/5.0 (Windows NT 6.1; WOW64) AppleWebKit/537.36 (KHTML, like Gecko) Chrome/52.0.2743.116 Safari/537.36',
  'accept' => 'text/html,application/xhtml+xml,application/xml;q=0.9,image/webp,*/*;q=0.8',
  'accept-encoding' => 'gzip, deflate, sdch',
  'accept-language' => 'zh-CN,zh;q=0.8',
  'cookie' => 'pgv_pvi=675840; thinkphp_show_page_trace=0|0',
  'content-type' => '',
  'content-length' => '',
)
[ info ] [ PARAM ] array (
)
[ info ] [ RUN ] app\index\controller\SearchController->index[ /home/lqc/tp5/application/index/controller/SearchController.php ]
[ info ] [ LOG ] INIT File

---------------------------------------------------------------
[ 2016-12-19T21:34:28+08:00 ] 192.168.0.159 192.168.0.104 GET /index/search
[ log ] www.yes.com/index/search [运行时间：0.013724s][吞吐率：72.87req/s] [内存消耗：1,049.27kb] [文件加载：39]
[ info ] [ LANG ] /home/lqc/tp5/thinkphp/lang/zh-cn.php
[ info ] [ ROUTE ] array (
  'type' => 'module',
  'module' => 
  array (
    0 => 'index',
    1 => 'search',
    2 => NULL,
  ),
)
[ info ] [ HEADER ] array (
  'host' => 'www.yes.com',
  'connection' => 'keep-alive',
  'cache-control' => 'max-age=0',
  'upgrade-insecure-requests' => '1',
  'user-agent' => 'Mozilla/5.0 (Windows NT 6.1; WOW64) AppleWebKit/537.36 (KHTML, like Gecko) Chrome/52.0.2743.116 Safari/537.36',
  'accept' => 'text/html,application/xhtml+xml,application/xml;q=0.9,image/webp,*/*;q=0.8',
  'accept-encoding' => 'gzip, deflate, sdch',
  'accept-language' => 'zh-CN,zh;q=0.8',
  'cookie' => 'pgv_pvi=675840; thinkphp_show_page_trace=0|0',
  'content-type' => '',
  'content-length' => '',
)
[ info ] [ PARAM ] array (
)
[ info ] [ RUN ] app\index\controller\SearchController->index[ /home/lqc/tp5/application/index/controller/SearchController.php ]
[ info ] [ LOG ] INIT File

---------------------------------------------------------------
[ 2016-12-19T21:34:29+08:00 ] 192.168.0.159 192.168.0.104 GET /index/search
[ log ] www.yes.com/index/search [运行时间：0.014263s][吞吐率：70.11req/s] [内存消耗：1,049.38kb] [文件加载：39]
[ info ] [ LANG ] /home/lqc/tp5/thinkphp/lang/zh-cn.php
[ info ] [ ROUTE ] array (
  'type' => 'module',
  'module' => 
  array (
    0 => 'index',
    1 => 'search',
    2 => NULL,
  ),
)
[ info ] [ HEADER ] array (
  'host' => 'www.yes.com',
  'connection' => 'keep-alive',
  'pragma' => 'no-cache',
  'cache-control' => 'no-cache',
  'upgrade-insecure-requests' => '1',
  'user-agent' => 'Mozilla/5.0 (Windows NT 6.1; WOW64) AppleWebKit/537.36 (KHTML, like Gecko) Chrome/52.0.2743.116 Safari/537.36',
  'accept' => 'text/html,application/xhtml+xml,application/xml;q=0.9,image/webp,*/*;q=0.8',
  'accept-encoding' => 'gzip, deflate, sdch',
  'accept-language' => 'zh-CN,zh;q=0.8',
  'cookie' => 'pgv_pvi=675840; thinkphp_show_page_trace=0|0',
  'content-type' => '',
  'content-length' => '',
)
[ info ] [ PARAM ] array (
)
[ info ] [ RUN ] app\index\controller\SearchController->index[ /home/lqc/tp5/application/index/controller/SearchController.php ]
[ info ] [ LOG ] INIT File

---------------------------------------------------------------
[ 2016-12-19T21:34:30+08:00 ] 192.168.0.159 192.168.0.104 GET /index/search
[ log ] www.yes.com/index/search [运行时间：0.014578s][吞吐率：68.60req/s] [内存消耗：1,049.38kb] [文件加载：39]
[ info ] [ LANG ] /home/lqc/tp5/thinkphp/lang/zh-cn.php
[ info ] [ ROUTE ] array (
  'type' => 'module',
  'module' => 
  array (
    0 => 'index',
    1 => 'search',
    2 => NULL,
  ),
)
[ info ] [ HEADER ] array (
  'host' => 'www.yes.com',
  'connection' => 'keep-alive',
  'pragma' => 'no-cache',
  'cache-control' => 'no-cache',
  'upgrade-insecure-requests' => '1',
  'user-agent' => 'Mozilla/5.0 (Windows NT 6.1; WOW64) AppleWebKit/537.36 (KHTML, like Gecko) Chrome/52.0.2743.116 Safari/537.36',
  'accept' => 'text/html,application/xhtml+xml,application/xml;q=0.9,image/webp,*/*;q=0.8',
  'accept-encoding' => 'gzip, deflate, sdch',
  'accept-language' => 'zh-CN,zh;q=0.8',
  'cookie' => 'pgv_pvi=675840; thinkphp_show_page_trace=0|0',
  'content-type' => '',
  'content-length' => '',
)
[ info ] [ PARAM ] array (
)
[ info ] [ RUN ] app\index\controller\SearchController->index[ /home/lqc/tp5/application/index/controller/SearchController.php ]
[ info ] [ LOG ] INIT File

---------------------------------------------------------------
[ 2016-12-19T21:34:30+08:00 ] 192.168.0.159 192.168.0.104 GET /index/search
[ log ] www.yes.com/index/search [运行时间：0.013456s][吞吐率：74.32req/s] [内存消耗：1,049.38kb] [文件加载：39]
[ info ] [ LANG ] /home/lqc/tp5/thinkphp/lang/zh-cn.php
[ info ] [ ROUTE ] array (
  'type' => 'module',
  'module' => 
  array (
    0 => 'index',
    1 => 'search',
    2 => NULL,
  ),
)
[ info ] [ HEADER ] array (
  'host' => 'www.yes.com',
  'connection' => 'keep-alive',
  'pragma' => 'no-cache',
  'cache-control' => 'no-cache',
  'upgrade-insecure-requests' => '1',
  'user-agent' => 'Mozilla/5.0 (Windows NT 6.1; WOW64) AppleWebKit/537.36 (KHTML, like Gecko) Chrome/52.0.2743.116 Safari/537.36',
  'accept' => 'text/html,application/xhtml+xml,application/xml;q=0.9,image/webp,*/*;q=0.8',
  'accept-encoding' => 'gzip, deflate, sdch',
  'accept-language' => 'zh-CN,zh;q=0.8',
  'cookie' => 'pgv_pvi=675840; thinkphp_show_page_trace=0|0',
  'content-type' => '',
  'content-length' => '',
)
[ info ] [ PARAM ] array (
)
[ info ] [ RUN ] app\index\controller\SearchController->index[ /home/lqc/tp5/application/index/controller/SearchController.php ]
[ info ] [ LOG ] INIT File

---------------------------------------------------------------
[ 2016-12-19T21:34:30+08:00 ] 192.168.0.159 192.168.0.104 GET /index/search
[ log ] www.yes.com/index/search [运行时间：0.014801s][吞吐率：67.56req/s] [内存消耗：1,049.38kb] [文件加载：39]
[ info ] [ LANG ] /home/lqc/tp5/thinkphp/lang/zh-cn.php
[ info ] [ ROUTE ] array (
  'type' => 'module',
  'module' => 
  array (
    0 => 'index',
    1 => 'search',
    2 => NULL,
  ),
)
[ info ] [ HEADER ] array (
  'host' => 'www.yes.com',
  'connection' => 'keep-alive',
  'pragma' => 'no-cache',
  'cache-control' => 'no-cache',
  'upgrade-insecure-requests' => '1',
  'user-agent' => 'Mozilla/5.0 (Windows NT 6.1; WOW64) AppleWebKit/537.36 (KHTML, like Gecko) Chrome/52.0.2743.116 Safari/537.36',
  'accept' => 'text/html,application/xhtml+xml,application/xml;q=0.9,image/webp,*/*;q=0.8',
  'accept-encoding' => 'gzip, deflate, sdch',
  'accept-language' => 'zh-CN,zh;q=0.8',
  'cookie' => 'pgv_pvi=675840; thinkphp_show_page_trace=0|0',
  'content-type' => '',
  'content-length' => '',
)
[ info ] [ PARAM ] array (
)
[ info ] [ RUN ] app\index\controller\SearchController->index[ /home/lqc/tp5/application/index/controller/SearchController.php ]
[ info ] [ LOG ] INIT File

---------------------------------------------------------------
[ 2016-12-19T21:34:30+08:00 ] 192.168.0.159 192.168.0.104 GET /index/search
[ log ] www.yes.com/index/search [运行时间：0.016203s][吞吐率：61.72req/s] [内存消耗：1,049.38kb] [文件加载：39]
[ info ] [ LANG ] /home/lqc/tp5/thinkphp/lang/zh-cn.php
[ info ] [ ROUTE ] array (
  'type' => 'module',
  'module' => 
  array (
    0 => 'index',
    1 => 'search',
    2 => NULL,
  ),
)
[ info ] [ HEADER ] array (
  'host' => 'www.yes.com',
  'connection' => 'keep-alive',
  'pragma' => 'no-cache',
  'cache-control' => 'no-cache',
  'upgrade-insecure-requests' => '1',
  'user-agent' => 'Mozilla/5.0 (Windows NT 6.1; WOW64) AppleWebKit/537.36 (KHTML, like Gecko) Chrome/52.0.2743.116 Safari/537.36',
  'accept' => 'text/html,application/xhtml+xml,application/xml;q=0.9,image/webp,*/*;q=0.8',
  'accept-encoding' => 'gzip, deflate, sdch',
  'accept-language' => 'zh-CN,zh;q=0.8',
  'cookie' => 'pgv_pvi=675840; thinkphp_show_page_trace=0|0',
  'content-type' => '',
  'content-length' => '',
)
[ info ] [ PARAM ] array (
)
[ info ] [ RUN ] app\index\controller\SearchController->index[ /home/lqc/tp5/application/index/controller/SearchController.php ]
[ info ] [ LOG ] INIT File

---------------------------------------------------------------
[ 2016-12-19T21:34:30+08:00 ] 192.168.0.159 192.168.0.104 GET /index/search
[ log ] www.yes.com/index/search [运行时间：0.015408s][吞吐率：64.90req/s] [内存消耗：1,049.38kb] [文件加载：39]
[ info ] [ LANG ] /home/lqc/tp5/thinkphp/lang/zh-cn.php
[ info ] [ ROUTE ] array (
  'type' => 'module',
  'module' => 
  array (
    0 => 'index',
    1 => 'search',
    2 => NULL,
  ),
)
[ info ] [ HEADER ] array (
  'host' => 'www.yes.com',
  'connection' => 'keep-alive',
  'pragma' => 'no-cache',
  'cache-control' => 'no-cache',
  'upgrade-insecure-requests' => '1',
  'user-agent' => 'Mozilla/5.0 (Windows NT 6.1; WOW64) AppleWebKit/537.36 (KHTML, like Gecko) Chrome/52.0.2743.116 Safari/537.36',
  'accept' => 'text/html,application/xhtml+xml,application/xml;q=0.9,image/webp,*/*;q=0.8',
  'accept-encoding' => 'gzip, deflate, sdch',
  'accept-language' => 'zh-CN,zh;q=0.8',
  'cookie' => 'pgv_pvi=675840; thinkphp_show_page_trace=0|0',
  'content-type' => '',
  'content-length' => '',
)
[ info ] [ PARAM ] array (
)
[ info ] [ RUN ] app\index\controller\SearchController->index[ /home/lqc/tp5/application/index/controller/SearchController.php ]
[ info ] [ LOG ] INIT File

---------------------------------------------------------------
[ 2016-12-19T21:35:56+08:00 ] 192.168.0.159 192.168.0.104 GET /index/search
[ log ] www.yes.com/index/search [运行时间：0.049335s][吞吐率：20.27req/s] [内存消耗：1,154.96kb] [文件加载：50]
[ info ] [ LANG ] /home/lqc/tp5/thinkphp/lang/zh-cn.php
[ info ] [ ROUTE ] array (
  'type' => 'module',
  'module' => 
  array (
    0 => 'index',
    1 => 'search',
    2 => NULL,
  ),
)
[ info ] [ HEADER ] array (
  'host' => 'www.yes.com',
  'connection' => 'keep-alive',
  'cache-control' => 'max-age=0',
  'upgrade-insecure-requests' => '1',
  'user-agent' => 'Mozilla/5.0 (Windows NT 6.1; WOW64) AppleWebKit/537.36 (KHTML, like Gecko) Chrome/52.0.2743.116 Safari/537.36',
  'accept' => 'text/html,application/xhtml+xml,application/xml;q=0.9,image/webp,*/*;q=0.8',
  'accept-encoding' => 'gzip, deflate, sdch',
  'accept-language' => 'zh-CN,zh;q=0.8',
  'cookie' => 'pgv_pvi=675840; thinkphp_show_page_trace=0|0',
  'content-type' => '',
  'content-length' => '',
)
[ info ] [ PARAM ] array (
)
[ info ] [ RUN ] app\index\controller\SearchController->index[ /home/lqc/tp5/application/index/controller/SearchController.php ]
[ info ] [ LOG ] INIT File
[ error ] [1]Class 'swoole_server' not found[/home/lqc/tp5/application/index/controller/SearchController.php:8]

---------------------------------------------------------------
[ 2016-12-19T21:36:19+08:00 ] 192.168.0.159 192.168.0.104 GET /index/search
[ log ] www.yes.com/index/search [运行时间：0.018913s][吞吐率：52.87req/s] [内存消耗：1,155.06kb] [文件加载：50]
[ info ] [ LANG ] /home/lqc/tp5/thinkphp/lang/zh-cn.php
[ info ] [ ROUTE ] array (
  'type' => 'module',
  'module' => 
  array (
    0 => 'index',
    1 => 'search',
    2 => NULL,
  ),
)
[ info ] [ HEADER ] array (
  'host' => 'www.yes.com',
  'connection' => 'keep-alive',
  'cache-control' => 'max-age=0',
  'upgrade-insecure-requests' => '1',
  'user-agent' => 'Mozilla/5.0 (Windows NT 6.1; WOW64) AppleWebKit/537.36 (KHTML, like Gecko) Chrome/52.0.2743.116 Safari/537.36',
  'accept' => 'text/html,application/xhtml+xml,application/xml;q=0.9,image/webp,*/*;q=0.8',
  'accept-encoding' => 'gzip, deflate, sdch',
  'accept-language' => 'zh-CN,zh;q=0.8',
  'cookie' => 'thinkphp_show_page_trace=0|0; pgv_pvi=675840; thinkphp_show_page_trace=0|0',
  'content-type' => '',
  'content-length' => '',
)
[ info ] [ PARAM ] array (
)
[ info ] [ RUN ] app\index\controller\SearchController->index[ /home/lqc/tp5/application/index/controller/SearchController.php ]
[ info ] [ LOG ] INIT File
[ error ] [1]Class 'app\index\controller\swoole_server' not found[/home/lqc/tp5/application/index/controller/SearchController.php:8]

---------------------------------------------------------------
[ 2016-12-19T21:36:19+08:00 ] 192.168.0.159 192.168.0.104 GET /index/search
[ log ] www.yes.com/index/search [运行时间：0.017786s][吞吐率：56.22req/s] [内存消耗：1,155.06kb] [文件加载：50]
[ info ] [ LANG ] /home/lqc/tp5/thinkphp/lang/zh-cn.php
[ info ] [ ROUTE ] array (
  'type' => 'module',
  'module' => 
  array (
    0 => 'index',
    1 => 'search',
    2 => NULL,
  ),
)
[ info ] [ HEADER ] array (
  'host' => 'www.yes.com',
  'connection' => 'keep-alive',
  'cache-control' => 'max-age=0',
  'upgrade-insecure-requests' => '1',
  'user-agent' => 'Mozilla/5.0 (Windows NT 6.1; WOW64) AppleWebKit/537.36 (KHTML, like Gecko) Chrome/52.0.2743.116 Safari/537.36',
  'accept' => 'text/html,application/xhtml+xml,application/xml;q=0.9,image/webp,*/*;q=0.8',
  'accept-encoding' => 'gzip, deflate, sdch',
  'accept-language' => 'zh-CN,zh;q=0.8',
  'cookie' => 'thinkphp_show_page_trace=0|0; pgv_pvi=675840; thinkphp_show_page_trace=0|0',
  'content-type' => '',
  'content-length' => '',
)
[ info ] [ PARAM ] array (
)
[ info ] [ RUN ] app\index\controller\SearchController->index[ /home/lqc/tp5/application/index/controller/SearchController.php ]
[ info ] [ LOG ] INIT File
[ error ] [1]Class 'app\index\controller\swoole_server' not found[/home/lqc/tp5/application/index/controller/SearchController.php:8]

---------------------------------------------------------------
[ 2016-12-19T21:36:20+08:00 ] 192.168.0.159 192.168.0.104 GET /index/search
[ log ] www.yes.com/index/search [运行时间：0.019211s][吞吐率：52.05req/s] [内存消耗：1,155.06kb] [文件加载：50]
[ info ] [ LANG ] /home/lqc/tp5/thinkphp/lang/zh-cn.php
[ info ] [ ROUTE ] array (
  'type' => 'module',
  'module' => 
  array (
    0 => 'index',
    1 => 'search',
    2 => NULL,
  ),
)
[ info ] [ HEADER ] array (
  'host' => 'www.yes.com',
  'connection' => 'keep-alive',
  'cache-control' => 'max-age=0',
  'upgrade-insecure-requests' => '1',
  'user-agent' => 'Mozilla/5.0 (Windows NT 6.1; WOW64) AppleWebKit/537.36 (KHTML, like Gecko) Chrome/52.0.2743.116 Safari/537.36',
  'accept' => 'text/html,application/xhtml+xml,application/xml;q=0.9,image/webp,*/*;q=0.8',
  'accept-encoding' => 'gzip, deflate, sdch',
  'accept-language' => 'zh-CN,zh;q=0.8',
  'cookie' => 'thinkphp_show_page_trace=0|0; pgv_pvi=675840; thinkphp_show_page_trace=0|0',
  'content-type' => '',
  'content-length' => '',
)
[ info ] [ PARAM ] array (
)
[ info ] [ RUN ] app\index\controller\SearchController->index[ /home/lqc/tp5/application/index/controller/SearchController.php ]
[ info ] [ LOG ] INIT File
[ error ] [1]Class 'app\index\controller\swoole_server' not found[/home/lqc/tp5/application/index/controller/SearchController.php:8]

---------------------------------------------------------------
[ 2016-12-19T21:36:20+08:00 ] 192.168.0.159 192.168.0.104 GET /index/search
[ log ] www.yes.com/index/search [运行时间：0.017958s][吞吐率：55.69req/s] [内存消耗：1,155.06kb] [文件加载：50]
[ info ] [ LANG ] /home/lqc/tp5/thinkphp/lang/zh-cn.php
[ info ] [ ROUTE ] array (
  'type' => 'module',
  'module' => 
  array (
    0 => 'index',
    1 => 'search',
    2 => NULL,
  ),
)
[ info ] [ HEADER ] array (
  'host' => 'www.yes.com',
  'connection' => 'keep-alive',
  'cache-control' => 'max-age=0',
  'upgrade-insecure-requests' => '1',
  'user-agent' => 'Mozilla/5.0 (Windows NT 6.1; WOW64) AppleWebKit/537.36 (KHTML, like Gecko) Chrome/52.0.2743.116 Safari/537.36',
  'accept' => 'text/html,application/xhtml+xml,application/xml;q=0.9,image/webp,*/*;q=0.8',
  'accept-encoding' => 'gzip, deflate, sdch',
  'accept-language' => 'zh-CN,zh;q=0.8',
  'cookie' => 'thinkphp_show_page_trace=0|0; pgv_pvi=675840; thinkphp_show_page_trace=0|0',
  'content-type' => '',
  'content-length' => '',
)
[ info ] [ PARAM ] array (
)
[ info ] [ RUN ] app\index\controller\SearchController->index[ /home/lqc/tp5/application/index/controller/SearchController.php ]
[ info ] [ LOG ] INIT File
[ error ] [1]Class 'app\index\controller\swoole_server' not found[/home/lqc/tp5/application/index/controller/SearchController.php:8]

---------------------------------------------------------------
[ 2016-12-19T21:36:20+08:00 ] 192.168.0.159 192.168.0.104 GET /index/search
[ log ] www.yes.com/index/search [运行时间：0.017903s][吞吐率：55.86req/s] [内存消耗：1,155.06kb] [文件加载：50]
[ info ] [ LANG ] /home/lqc/tp5/thinkphp/lang/zh-cn.php
[ info ] [ ROUTE ] array (
  'type' => 'module',
  'module' => 
  array (
    0 => 'index',
    1 => 'search',
    2 => NULL,
  ),
)
[ info ] [ HEADER ] array (
  'host' => 'www.yes.com',
  'connection' => 'keep-alive',
  'cache-control' => 'max-age=0',
  'upgrade-insecure-requests' => '1',
  'user-agent' => 'Mozilla/5.0 (Windows NT 6.1; WOW64) AppleWebKit/537.36 (KHTML, like Gecko) Chrome/52.0.2743.116 Safari/537.36',
  'accept' => 'text/html,application/xhtml+xml,application/xml;q=0.9,image/webp,*/*;q=0.8',
  'accept-encoding' => 'gzip, deflate, sdch',
  'accept-language' => 'zh-CN,zh;q=0.8',
  'cookie' => 'thinkphp_show_page_trace=0|0; pgv_pvi=675840; thinkphp_show_page_trace=0|0',
  'content-type' => '',
  'content-length' => '',
)
[ info ] [ PARAM ] array (
)
[ info ] [ RUN ] app\index\controller\SearchController->index[ /home/lqc/tp5/application/index/controller/SearchController.php ]
[ info ] [ LOG ] INIT File
[ error ] [1]Class 'app\index\controller\swoole_server' not found[/home/lqc/tp5/application/index/controller/SearchController.php:8]

---------------------------------------------------------------
[ 2016-12-19T21:46:17+08:00 ] 192.168.0.159 192.168.0.104 GET /index/search
[ log ] www.yes.com/index/search [运行时间：0.818890s][吞吐率：1.22req/s] [内存消耗：1,155.01kb] [文件加载：50]
[ info ] [ LANG ] /home/lqc/tp5/thinkphp/lang/zh-cn.php
[ info ] [ ROUTE ] array (
  'type' => 'module',
  'module' => 
  array (
    0 => 'index',
    1 => 'search',
    2 => NULL,
  ),
)
[ info ] [ HEADER ] array (
  'host' => 'www.yes.com',
  'connection' => 'keep-alive',
  'cache-control' => 'max-age=0',
  'upgrade-insecure-requests' => '1',
  'user-agent' => 'Mozilla/5.0 (Windows NT 6.1; WOW64) AppleWebKit/537.36 (KHTML, like Gecko) Chrome/52.0.2743.116 Safari/537.36',
  'accept' => 'text/html,application/xhtml+xml,application/xml;q=0.9,image/webp,*/*;q=0.8',
  'accept-encoding' => 'gzip, deflate, sdch',
  'accept-language' => 'zh-CN,zh;q=0.8',
  'cookie' => 'thinkphp_show_page_trace=0|0; pgv_pvi=675840; thinkphp_show_page_trace=0|0',
  'content-type' => '',
  'content-length' => '',
)
[ info ] [ PARAM ] array (
)
[ info ] [ RUN ] app\index\controller\SearchController->index[ /home/lqc/tp5/application/index/controller/SearchController.php ]
[ info ] [ LOG ] INIT File
[ error ] [1]Class 'app\index\controller\swoole_server' not found[/home/lqc/tp5/application/index/controller/SearchController.php:8]

---------------------------------------------------------------
[ 2016-12-19T21:46:20+08:00 ] 192.168.0.159 192.168.0.104 GET /index/search
[ log ] www.yes.com/index/search [运行时间：0.026156s][吞吐率：38.23req/s] [内存消耗：1,155.00kb] [文件加载：50]
[ info ] [ LANG ] /home/lqc/tp5/thinkphp/lang/zh-cn.php
[ info ] [ ROUTE ] array (
  'type' => 'module',
  'module' => 
  array (
    0 => 'index',
    1 => 'search',
    2 => NULL,
  ),
)
[ info ] [ HEADER ] array (
  'host' => 'www.yes.com',
  'connection' => 'keep-alive',
  'cache-control' => 'max-age=0',
  'upgrade-insecure-requests' => '1',
  'user-agent' => 'Mozilla/5.0 (Windows NT 6.1; WOW64) AppleWebKit/537.36 (KHTML, like Gecko) Chrome/52.0.2743.116 Safari/537.36',
  'accept' => 'text/html,application/xhtml+xml,application/xml;q=0.9,image/webp,*/*;q=0.8',
  'accept-encoding' => 'gzip, deflate, sdch',
  'accept-language' => 'zh-CN,zh;q=0.8',
  'cookie' => 'thinkphp_show_page_trace=0|0; pgv_pvi=675840; thinkphp_show_page_trace=0|0',
  'content-type' => '',
  'content-length' => '',
)
[ info ] [ PARAM ] array (
)
[ info ] [ RUN ] app\index\controller\SearchController->index[ /home/lqc/tp5/application/index/controller/SearchController.php ]
[ info ] [ LOG ] INIT File
[ error ] [1]Class 'app\index\controller\swoole_server' not found[/home/lqc/tp5/application/index/controller/SearchController.php:8]

---------------------------------------------------------------
[ 2016-12-19T21:47:14+08:00 ] 192.168.0.159 192.168.0.104 GET /index/search
[ log ] www.yes.com/index/search [运行时间：0.026114s][吞吐率：38.29req/s] [内存消耗：1,053.32kb] [文件加载：39]
[ info ] [ LANG ] /home/lqc/tp5/thinkphp/lang/zh-cn.php
[ info ] [ ROUTE ] array (
  'type' => 'module',
  'module' => 
  array (
    0 => 'index',
    1 => 'search',
    2 => NULL,
  ),
)
[ info ] [ HEADER ] array (
  'host' => 'www.yes.com',
  'connection' => 'keep-alive',
  'cache-control' => 'max-age=0',
  'upgrade-insecure-requests' => '1',
  'user-agent' => 'Mozilla/5.0 (Windows NT 6.1; WOW64) AppleWebKit/537.36 (KHTML, like Gecko) Chrome/52.0.2743.116 Safari/537.36',
  'accept' => 'text/html,application/xhtml+xml,application/xml;q=0.9,image/webp,*/*;q=0.8',
  'accept-encoding' => 'gzip, deflate, sdch',
  'accept-language' => 'zh-CN,zh;q=0.8',
  'cookie' => 'thinkphp_show_page_trace=0|0; pgv_pvi=675840; thinkphp_show_page_trace=0|0',
  'content-type' => '',
  'content-length' => '',
)
[ info ] [ PARAM ] array (
)
[ info ] [ RUN ] app\index\controller\SearchController->index[ /home/lqc/tp5/application/index/controller/SearchController.php ]
[ info ] [ LOG ] INIT File

---------------------------------------------------------------
