[ 2017-03-07T17:31:49+08:00 ] 192.168.0.159 192.168.0.178 GET /
[ log ] www.yes.com/ [运行时间：0.286156s][吞吐率：3.49req/s] [内存消耗：983.53kb] [文件加载：45]
[ info ] [ LANG ] /home/lqc/tp5/thinkphp/lang/zh-cn.php
[ info ] [ ROUTE ] array (
  'type' => 'module',
  'module' => 
  array (
    0 => '',
    1 => NULL,
    2 => NULL,
  ),
)
[ info ] [ HEADER ] array (
  'host' => 'www.yes.com',
  'connection' => 'keep-alive',
  'upgrade-insecure-requests' => '1',
  'user-agent' => 'Mozilla/5.0 (Windows NT 6.1; WOW64) AppleWebKit/537.36 (KHTML, like Gecko) Chrome/52.0.2743.116 Safari/537.36',
  'accept' => 'text/html,application/xhtml+xml,application/xml;q=0.9,image/webp,*/*;q=0.8',
  'accept-encoding' => 'gzip, deflate, sdch',
  'accept-language' => 'zh-CN,zh;q=0.8',
  'cookie' => 'pgv_pvi=675840; Hm_lvt_407473d433e871de861cf818aa1405a1=1482213759; Hm_lvt_3c8ecbfa472e76b0340d7a701a04197e=1486964403,1487037566',
  'content-type' => '',
  'content-length' => '',
)
[ info ] [ PARAM ] array (
)
[ info ] [ LOG ] INIT File
[ error ] [1]Class 'app\index\controller\ommonController' not found[/home/lqc/tp5/application/index/controller/IndexController.php:5]

---------------------------------------------------------------
[ 2017-03-07T17:32:01+08:00 ] 192.168.0.159 192.168.0.178 GET /index/rent
[ log ] www.yes.com/index/rent [运行时间：0.220215s][吞吐率：4.54req/s] [内存消耗：1,146.63kb] [文件加载：48]
[ info ] [ LANG ] /home/lqc/tp5/thinkphp/lang/zh-cn.php
[ info ] [ ROUTE ] array (
  'type' => 'module',
  'module' => 
  array (
    0 => 'index',
    1 => 'rent',
    2 => NULL,
  ),
)
[ info ] [ HEADER ] array (
  'host' => 'www.yes.com',
  'connection' => 'keep-alive',
  'upgrade-insecure-requests' => '1',
  'user-agent' => 'Mozilla/5.0 (Windows NT 6.1; WOW64) AppleWebKit/537.36 (KHTML, like Gecko) Chrome/52.0.2743.116 Safari/537.36',
  'accept' => 'text/html,application/xhtml+xml,application/xml;q=0.9,image/webp,*/*;q=0.8',
  'accept-encoding' => 'gzip, deflate, sdch',
  'accept-language' => 'zh-CN,zh;q=0.8',
  'cookie' => 'pgv_pvi=675840; Hm_lvt_407473d433e871de861cf818aa1405a1=1482213759; Hm_lvt_3c8ecbfa472e76b0340d7a701a04197e=1486964403,1487037566; thinkphp_show_page_trace=0|0',
  'content-type' => '',
  'content-length' => '',
)
[ info ] [ PARAM ] array (
)
[ info ] [ RUN ] app\index\controller\RentController->index[ /home/lqc/tp5/application/index/controller/RentController.php ]
[ info ] [ LOG ] INIT File

---------------------------------------------------------------
